2023-03-09 18:35:56,898 - INFO - 
        +-------------------------------------------------------+
        |                 模型设置以及代码运行环境                  |
        |=======================================================|
        |Optimizer: SGD         lr: 0.001       Device: cuda:0  |
        |-------------------------------------------------------|
        |Loss Function:CrossEntropyLoss      Max_Epoch:15       |
        |=======================================================|
        |2023-03-09 18:35:56.898170                             |
        +-------------------------------------------------------+
            
2023-03-09 18:36:01,136 - INFO - epoch[1/15], train_loss:0.431,train_acc:90.32
2023-03-09 18:36:01,136 - INFO - epoch[1/15], train_loss:0.431,train_acc:90.32
2023-03-09 18:36:03,138 - INFO - epoch[2/15], train_loss:0.119,train_acc:96.31
2023-03-09 18:36:03,138 - INFO - epoch[2/15], train_loss:0.119,train_acc:96.31
2023-03-09 18:36:03,138 - INFO - epoch[2/15], train_loss:0.119,train_acc:96.31
2023-03-09 18:36:05,657 - INFO - epoch[3/15], train_loss:0.072,train_acc:97.87, val_total:13821, val_correct:13291, val_acc:96.17
2023-03-09 18:36:05,657 - INFO - epoch[3/15], train_loss:0.072,train_acc:97.87, val_total:13821, val_correct:13291, val_acc:96.17
2023-03-09 18:36:05,657 - INFO - epoch[3/15], train_loss:0.072,train_acc:97.87, val_total:13821, val_correct:13291, val_acc:96.17
2023-03-09 18:36:05,657 - INFO - epoch[3/15], train_loss:0.072,train_acc:97.87, val_total:13821, val_correct:13291, val_acc:96.17
2023-03-09 18:36:08,636 - INFO - epoch[4/15], train_loss:0.046,train_acc:98.75
2023-03-09 18:36:08,636 - INFO - epoch[4/15], train_loss:0.046,train_acc:98.75
2023-03-09 18:36:08,636 - INFO - epoch[4/15], train_loss:0.046,train_acc:98.75
2023-03-09 18:36:08,636 - INFO - epoch[4/15], train_loss:0.046,train_acc:98.75
2023-03-09 18:36:08,636 - INFO - epoch[4/15], train_loss:0.046,train_acc:98.75
2023-03-09 18:36:11,069 - INFO - epoch[5/15], train_loss:0.031,train_acc:99.24
2023-03-09 18:36:11,069 - INFO - epoch[5/15], train_loss:0.031,train_acc:99.24
2023-03-09 18:36:11,069 - INFO - epoch[5/15], train_loss:0.031,train_acc:99.24
2023-03-09 18:36:11,069 - INFO - epoch[5/15], train_loss:0.031,train_acc:99.24
2023-03-09 18:36:11,069 - INFO - epoch[5/15], train_loss:0.031,train_acc:99.24
2023-03-09 18:36:11,069 - INFO - epoch[5/15], train_loss:0.031,train_acc:99.24
2023-03-09 18:36:14,278 - INFO - epoch[6/15], train_loss:0.022,train_acc:99.58, val_total:13821, val_correct:13370, val_acc:96.74
2023-03-09 18:36:14,278 - INFO - epoch[6/15], train_loss:0.022,train_acc:99.58, val_total:13821, val_correct:13370, val_acc:96.74
2023-03-09 18:36:14,278 - INFO - epoch[6/15], train_loss:0.022,train_acc:99.58, val_total:13821, val_correct:13370, val_acc:96.74
2023-03-09 18:36:14,278 - INFO - epoch[6/15], train_loss:0.022,train_acc:99.58, val_total:13821, val_correct:13370, val_acc:96.74
2023-03-09 18:36:14,278 - INFO - epoch[6/15], train_loss:0.022,train_acc:99.58, val_total:13821, val_correct:13370, val_acc:96.74
2023-03-09 18:36:14,278 - INFO - epoch[6/15], train_loss:0.022,train_acc:99.58, val_total:13821, val_correct:13370, val_acc:96.74
2023-03-09 18:36:14,278 - INFO - epoch[6/15], train_loss:0.022,train_acc:99.58, val_total:13821, val_correct:13370, val_acc:96.74
2023-03-09 18:36:16,938 - INFO - epoch[7/15], train_loss:0.016,train_acc:99.78
2023-03-09 18:36:16,938 - INFO - epoch[7/15], train_loss:0.016,train_acc:99.78
2023-03-09 18:36:16,938 - INFO - epoch[7/15], train_loss:0.016,train_acc:99.78
2023-03-09 18:36:16,938 - INFO - epoch[7/15], train_loss:0.016,train_acc:99.78
2023-03-09 18:36:16,938 - INFO - epoch[7/15], train_loss:0.016,train_acc:99.78
2023-03-09 18:36:16,938 - INFO - epoch[7/15], train_loss:0.016,train_acc:99.78
2023-03-09 18:36:16,938 - INFO - epoch[7/15], train_loss:0.016,train_acc:99.78
2023-03-09 18:36:16,938 - INFO - epoch[7/15], train_loss:0.016,train_acc:99.78
2023-03-09 18:36:19,091 - INFO - epoch[8/15], train_loss:0.012,train_acc:99.90
2023-03-09 18:36:19,091 - INFO - epoch[8/15], train_loss:0.012,train_acc:99.90
2023-03-09 18:36:19,091 - INFO - epoch[8/15], train_loss:0.012,train_acc:99.90
2023-03-09 18:36:19,091 - INFO - epoch[8/15], train_loss:0.012,train_acc:99.90
2023-03-09 18:36:19,091 - INFO - epoch[8/15], train_loss:0.012,train_acc:99.90
2023-03-09 18:36:19,091 - INFO - epoch[8/15], train_loss:0.012,train_acc:99.90
2023-03-09 18:36:19,091 - INFO - epoch[8/15], train_loss:0.012,train_acc:99.90
2023-03-09 18:36:19,091 - INFO - epoch[8/15], train_loss:0.012,train_acc:99.90
2023-03-09 18:36:19,091 - INFO - epoch[8/15], train_loss:0.012,train_acc:99.90
2023-03-09 18:36:22,372 - INFO - epoch[9/15], train_loss:0.009,train_acc:99.94, val_total:13821, val_correct:13408, val_acc:97.01
2023-03-09 18:36:22,372 - INFO - epoch[9/15], train_loss:0.009,train_acc:99.94, val_total:13821, val_correct:13408, val_acc:97.01
2023-03-09 18:36:22,372 - INFO - epoch[9/15], train_loss:0.009,train_acc:99.94, val_total:13821, val_correct:13408, val_acc:97.01
2023-03-09 18:36:22,372 - INFO - epoch[9/15], train_loss:0.009,train_acc:99.94, val_total:13821, val_correct:13408, val_acc:97.01
2023-03-09 18:36:22,372 - INFO - epoch[9/15], train_loss:0.009,train_acc:99.94, val_total:13821, val_correct:13408, val_acc:97.01
2023-03-09 18:36:22,372 - INFO - epoch[9/15], train_loss:0.009,train_acc:99.94, val_total:13821, val_correct:13408, val_acc:97.01
2023-03-09 18:36:22,372 - INFO - epoch[9/15], train_loss:0.009,train_acc:99.94, val_total:13821, val_correct:13408, val_acc:97.01
2023-03-09 18:36:22,372 - INFO - epoch[9/15], train_loss:0.009,train_acc:99.94, val_total:13821, val_correct:13408, val_acc:97.01
2023-03-09 18:36:22,372 - INFO - epoch[9/15], train_loss:0.009,train_acc:99.94, val_total:13821, val_correct:13408, val_acc:97.01
2023-03-09 18:36:22,372 - INFO - epoch[9/15], train_loss:0.009,train_acc:99.94, val_total:13821, val_correct:13408, val_acc:97.01
2023-03-09 18:36:25,354 - INFO - epoch[10/15], train_loss:0.007,train_acc:99.97
2023-03-09 18:36:25,354 - INFO - epoch[10/15], train_loss:0.007,train_acc:99.97
2023-03-09 18:36:25,354 - INFO - epoch[10/15], train_loss:0.007,train_acc:99.97
2023-03-09 18:36:25,354 - INFO - epoch[10/15], train_loss:0.007,train_acc:99.97
2023-03-09 18:36:25,354 - INFO - epoch[10/15], train_loss:0.007,train_acc:99.97
2023-03-09 18:36:25,354 - INFO - epoch[10/15], train_loss:0.007,train_acc:99.97
2023-03-09 18:36:25,354 - INFO - epoch[10/15], train_loss:0.007,train_acc:99.97
2023-03-09 18:36:25,354 - INFO - epoch[10/15], train_loss:0.007,train_acc:99.97
2023-03-09 18:36:25,354 - INFO - epoch[10/15], train_loss:0.007,train_acc:99.97
2023-03-09 18:36:25,354 - INFO - epoch[10/15], train_loss:0.007,train_acc:99.97
2023-03-09 18:36:25,354 - INFO - epoch[10/15], train_loss:0.007,train_acc:99.97
2023-03-09 18:36:27,633 - INFO - epoch[11/15], train_loss:0.006,train_acc:99.98
2023-03-09 18:36:27,633 - INFO - epoch[11/15], train_loss:0.006,train_acc:99.98
2023-03-09 18:36:27,633 - INFO - epoch[11/15], train_loss:0.006,train_acc:99.98
2023-03-09 18:36:27,633 - INFO - epoch[11/15], train_loss:0.006,train_acc:99.98
2023-03-09 18:36:27,633 - INFO - epoch[11/15], train_loss:0.006,train_acc:99.98
2023-03-09 18:36:27,633 - INFO - epoch[11/15], train_loss:0.006,train_acc:99.98
2023-03-09 18:36:27,633 - INFO - epoch[11/15], train_loss:0.006,train_acc:99.98
2023-03-09 18:36:27,633 - INFO - epoch[11/15], train_loss:0.006,train_acc:99.98
2023-03-09 18:36:27,633 - INFO - epoch[11/15], train_loss:0.006,train_acc:99.98
2023-03-09 18:36:27,633 - INFO - epoch[11/15], train_loss:0.006,train_acc:99.98
2023-03-09 18:36:27,633 - INFO - epoch[11/15], train_loss:0.006,train_acc:99.98
2023-03-09 18:36:27,633 - INFO - epoch[11/15], train_loss:0.006,train_acc:99.98
2023-03-09 18:36:30,538 - INFO - epoch[12/15], train_loss:0.005,train_acc:99.98, val_total:13821, val_correct:13421, val_acc:97.11
2023-03-09 18:36:30,538 - INFO - epoch[12/15], train_loss:0.005,train_acc:99.98, val_total:13821, val_correct:13421, val_acc:97.11
2023-03-09 18:36:30,538 - INFO - epoch[12/15], train_loss:0.005,train_acc:99.98, val_total:13821, val_correct:13421, val_acc:97.11
2023-03-09 18:36:30,538 - INFO - epoch[12/15], train_loss:0.005,train_acc:99.98, val_total:13821, val_correct:13421, val_acc:97.11
2023-03-09 18:36:30,538 - INFO - epoch[12/15], train_loss:0.005,train_acc:99.98, val_total:13821, val_correct:13421, val_acc:97.11
2023-03-09 18:36:30,538 - INFO - epoch[12/15], train_loss:0.005,train_acc:99.98, val_total:13821, val_correct:13421, val_acc:97.11
2023-03-09 18:36:30,538 - INFO - epoch[12/15], train_loss:0.005,train_acc:99.98, val_total:13821, val_correct:13421, val_acc:97.11
2023-03-09 18:36:30,538 - INFO - epoch[12/15], train_loss:0.005,train_acc:99.98, val_total:13821, val_correct:13421, val_acc:97.11
2023-03-09 18:36:30,538 - INFO - epoch[12/15], train_loss:0.005,train_acc:99.98, val_total:13821, val_correct:13421, val_acc:97.11
2023-03-09 18:36:30,538 - INFO - epoch[12/15], train_loss:0.005,train_acc:99.98, val_total:13821, val_correct:13421, val_acc:97.11
2023-03-09 18:36:30,538 - INFO - epoch[12/15], train_loss:0.005,train_acc:99.98, val_total:13821, val_correct:13421, val_acc:97.11
2023-03-09 18:36:30,538 - INFO - epoch[12/15], train_loss:0.005,train_acc:99.98, val_total:13821, val_correct:13421, val_acc:97.11
2023-03-09 18:36:30,538 - INFO - epoch[12/15], train_loss:0.005,train_acc:99.98, val_total:13821, val_correct:13421, val_acc:97.11
2023-03-09 18:36:32,982 - INFO - epoch[13/15], train_loss:0.004,train_acc:99.99
2023-03-09 18:36:32,982 - INFO - epoch[13/15], train_loss:0.004,train_acc:99.99
2023-03-09 18:36:32,982 - INFO - epoch[13/15], train_loss:0.004,train_acc:99.99
2023-03-09 18:36:32,982 - INFO - epoch[13/15], train_loss:0.004,train_acc:99.99
2023-03-09 18:36:32,982 - INFO - epoch[13/15], train_loss:0.004,train_acc:99.99
2023-03-09 18:36:32,982 - INFO - epoch[13/15], train_loss:0.004,train_acc:99.99
2023-03-09 18:36:32,982 - INFO - epoch[13/15], train_loss:0.004,train_acc:99.99
2023-03-09 18:36:32,982 - INFO - epoch[13/15], train_loss:0.004,train_acc:99.99
2023-03-09 18:36:32,982 - INFO - epoch[13/15], train_loss:0.004,train_acc:99.99
2023-03-09 18:36:32,982 - INFO - epoch[13/15], train_loss:0.004,train_acc:99.99
2023-03-09 18:36:32,982 - INFO - epoch[13/15], train_loss:0.004,train_acc:99.99
2023-03-09 18:36:32,982 - INFO - epoch[13/15], train_loss:0.004,train_acc:99.99
2023-03-09 18:36:32,982 - INFO - epoch[13/15], train_loss:0.004,train_acc:99.99
2023-03-09 18:36:32,982 - INFO - epoch[13/15], train_loss:0.004,train_acc:99.99
2023-03-09 18:36:38,174 - INFO - epoch[14/15], train_loss:0.004,train_acc:99.99
2023-03-09 18:36:38,174 - INFO - epoch[14/15], train_loss:0.004,train_acc:99.99
2023-03-09 18:36:38,174 - INFO - epoch[14/15], train_loss:0.004,train_acc:99.99
2023-03-09 18:36:38,174 - INFO - epoch[14/15], train_loss:0.004,train_acc:99.99
2023-03-09 18:36:38,174 - INFO - epoch[14/15], train_loss:0.004,train_acc:99.99
2023-03-09 18:36:38,174 - INFO - epoch[14/15], train_loss:0.004,train_acc:99.99
2023-03-09 18:36:38,174 - INFO - epoch[14/15], train_loss:0.004,train_acc:99.99
2023-03-09 18:36:38,174 - INFO - epoch[14/15], train_loss:0.004,train_acc:99.99
2023-03-09 18:36:38,174 - INFO - epoch[14/15], train_loss:0.004,train_acc:99.99
2023-03-09 18:36:38,174 - INFO - epoch[14/15], train_loss:0.004,train_acc:99.99
2023-03-09 18:36:38,174 - INFO - epoch[14/15], train_loss:0.004,train_acc:99.99
2023-03-09 18:36:38,174 - INFO - epoch[14/15], train_loss:0.004,train_acc:99.99
2023-03-09 18:36:38,174 - INFO - epoch[14/15], train_loss:0.004,train_acc:99.99
2023-03-09 18:36:38,174 - INFO - epoch[14/15], train_loss:0.004,train_acc:99.99
2023-03-09 18:36:38,174 - INFO - epoch[14/15], train_loss:0.004,train_acc:99.99
2023-03-09 18:36:42,780 - INFO - epoch[15/15], train_loss:0.003,train_acc:100.00, val_total:13821, val_correct:13424, val_acc:97.13
2023-03-09 18:36:42,780 - INFO - epoch[15/15], train_loss:0.003,train_acc:100.00, val_total:13821, val_correct:13424, val_acc:97.13
2023-03-09 18:36:42,780 - INFO - epoch[15/15], train_loss:0.003,train_acc:100.00, val_total:13821, val_correct:13424, val_acc:97.13
2023-03-09 18:36:42,780 - INFO - epoch[15/15], train_loss:0.003,train_acc:100.00, val_total:13821, val_correct:13424, val_acc:97.13
2023-03-09 18:36:42,780 - INFO - epoch[15/15], train_loss:0.003,train_acc:100.00, val_total:13821, val_correct:13424, val_acc:97.13
2023-03-09 18:36:42,780 - INFO - epoch[15/15], train_loss:0.003,train_acc:100.00, val_total:13821, val_correct:13424, val_acc:97.13
2023-03-09 18:36:42,780 - INFO - epoch[15/15], train_loss:0.003,train_acc:100.00, val_total:13821, val_correct:13424, val_acc:97.13
2023-03-09 18:36:42,780 - INFO - epoch[15/15], train_loss:0.003,train_acc:100.00, val_total:13821, val_correct:13424, val_acc:97.13
2023-03-09 18:36:42,780 - INFO - epoch[15/15], train_loss:0.003,train_acc:100.00, val_total:13821, val_correct:13424, val_acc:97.13
2023-03-09 18:36:42,780 - INFO - epoch[15/15], train_loss:0.003,train_acc:100.00, val_total:13821, val_correct:13424, val_acc:97.13
2023-03-09 18:36:42,780 - INFO - epoch[15/15], train_loss:0.003,train_acc:100.00, val_total:13821, val_correct:13424, val_acc:97.13
2023-03-09 18:36:42,780 - INFO - epoch[15/15], train_loss:0.003,train_acc:100.00, val_total:13821, val_correct:13424, val_acc:97.13
2023-03-09 18:36:42,780 - INFO - epoch[15/15], train_loss:0.003,train_acc:100.00, val_total:13821, val_correct:13424, val_acc:97.13
2023-03-09 18:36:42,780 - INFO - epoch[15/15], train_loss:0.003,train_acc:100.00, val_total:13821, val_correct:13424, val_acc:97.13
2023-03-09 18:36:42,780 - INFO - epoch[15/15], train_loss:0.003,train_acc:100.00, val_total:13821, val_correct:13424, val_acc:97.13
2023-03-09 18:36:42,780 - INFO - epoch[15/15], train_loss:0.003,train_acc:100.00, val_total:13821, val_correct:13424, val_acc:97.13
2023-03-10 18:27:02,527 - INFO - 
        +-------------------------------------------------------+
        |                 模型设置以及代码运行环境                  |
        |=======================================================|
        |Optimizer: SGD         lr: 0.001       Device: cuda:0  |
        |-------------------------------------------------------|
        |Loss Function:CrossEntropyLoss      Max_Epoch:15       |
        |=======================================================|
        |2023-03-10 18:27:02.526797                             |
        +-------------------------------------------------------+
            
2023-03-10 18:27:10,891 - INFO - epoch[1/15], train_loss:0.461,train_acc:90.27
2023-03-10 18:27:10,891 - INFO - epoch[1/15], train_loss:0.461,train_acc:90.27
2023-03-10 18:27:14,238 - INFO - epoch[2/15], train_loss:0.122,train_acc:96.31
2023-03-10 18:27:14,238 - INFO - epoch[2/15], train_loss:0.122,train_acc:96.31
2023-03-10 18:27:14,238 - INFO - epoch[2/15], train_loss:0.122,train_acc:96.31
2023-03-10 18:27:18,159 - INFO - epoch[3/15], train_loss:0.075,train_acc:97.82, val_total:13821, val_correct:13277, val_acc:96.06
2023-03-10 18:27:18,159 - INFO - epoch[3/15], train_loss:0.075,train_acc:97.82, val_total:13821, val_correct:13277, val_acc:96.06
2023-03-10 18:27:18,159 - INFO - epoch[3/15], train_loss:0.075,train_acc:97.82, val_total:13821, val_correct:13277, val_acc:96.06
2023-03-10 18:27:18,159 - INFO - epoch[3/15], train_loss:0.075,train_acc:97.82, val_total:13821, val_correct:13277, val_acc:96.06
2023-03-10 18:27:22,144 - INFO - epoch[4/15], train_loss:0.050,train_acc:98.64
2023-03-10 18:27:22,144 - INFO - epoch[4/15], train_loss:0.050,train_acc:98.64
2023-03-10 18:27:22,144 - INFO - epoch[4/15], train_loss:0.050,train_acc:98.64
2023-03-10 18:27:22,144 - INFO - epoch[4/15], train_loss:0.050,train_acc:98.64
2023-03-10 18:27:22,144 - INFO - epoch[4/15], train_loss:0.050,train_acc:98.64
2023-03-10 18:27:26,677 - INFO - epoch[5/15], train_loss:0.033,train_acc:99.21
2023-03-10 18:27:26,677 - INFO - epoch[5/15], train_loss:0.033,train_acc:99.21
2023-03-10 18:27:26,677 - INFO - epoch[5/15], train_loss:0.033,train_acc:99.21
2023-03-10 18:27:26,677 - INFO - epoch[5/15], train_loss:0.033,train_acc:99.21
2023-03-10 18:27:26,677 - INFO - epoch[5/15], train_loss:0.033,train_acc:99.21
2023-03-10 18:27:26,677 - INFO - epoch[5/15], train_loss:0.033,train_acc:99.21
2023-03-10 18:27:31,716 - INFO - epoch[6/15], train_loss:0.024,train_acc:99.44, val_total:13821, val_correct:13353, val_acc:96.61
2023-03-10 18:27:31,716 - INFO - epoch[6/15], train_loss:0.024,train_acc:99.44, val_total:13821, val_correct:13353, val_acc:96.61
2023-03-10 18:27:31,716 - INFO - epoch[6/15], train_loss:0.024,train_acc:99.44, val_total:13821, val_correct:13353, val_acc:96.61
2023-03-10 18:27:31,716 - INFO - epoch[6/15], train_loss:0.024,train_acc:99.44, val_total:13821, val_correct:13353, val_acc:96.61
2023-03-10 18:27:31,716 - INFO - epoch[6/15], train_loss:0.024,train_acc:99.44, val_total:13821, val_correct:13353, val_acc:96.61
2023-03-10 18:27:31,716 - INFO - epoch[6/15], train_loss:0.024,train_acc:99.44, val_total:13821, val_correct:13353, val_acc:96.61
2023-03-10 18:27:31,716 - INFO - epoch[6/15], train_loss:0.024,train_acc:99.44, val_total:13821, val_correct:13353, val_acc:96.61
2023-03-10 18:27:35,762 - INFO - epoch[7/15], train_loss:0.017,train_acc:99.74
2023-03-10 18:27:35,762 - INFO - epoch[7/15], train_loss:0.017,train_acc:99.74
2023-03-10 18:27:35,762 - INFO - epoch[7/15], train_loss:0.017,train_acc:99.74
2023-03-10 18:27:35,762 - INFO - epoch[7/15], train_loss:0.017,train_acc:99.74
2023-03-10 18:27:35,762 - INFO - epoch[7/15], train_loss:0.017,train_acc:99.74
2023-03-10 18:27:35,762 - INFO - epoch[7/15], train_loss:0.017,train_acc:99.74
2023-03-10 18:27:35,762 - INFO - epoch[7/15], train_loss:0.017,train_acc:99.74
2023-03-10 18:27:35,762 - INFO - epoch[7/15], train_loss:0.017,train_acc:99.74
2023-03-10 18:27:39,326 - INFO - epoch[8/15], train_loss:0.013,train_acc:99.85
2023-03-10 18:27:39,326 - INFO - epoch[8/15], train_loss:0.013,train_acc:99.85
2023-03-10 18:27:39,326 - INFO - epoch[8/15], train_loss:0.013,train_acc:99.85
2023-03-10 18:27:39,326 - INFO - epoch[8/15], train_loss:0.013,train_acc:99.85
2023-03-10 18:27:39,326 - INFO - epoch[8/15], train_loss:0.013,train_acc:99.85
2023-03-10 18:27:39,326 - INFO - epoch[8/15], train_loss:0.013,train_acc:99.85
2023-03-10 18:27:39,326 - INFO - epoch[8/15], train_loss:0.013,train_acc:99.85
2023-03-10 18:27:39,326 - INFO - epoch[8/15], train_loss:0.013,train_acc:99.85
2023-03-10 18:27:39,326 - INFO - epoch[8/15], train_loss:0.013,train_acc:99.85
2023-03-10 18:27:43,296 - INFO - epoch[9/15], train_loss:0.009,train_acc:99.93, val_total:13821, val_correct:13403, val_acc:96.98
2023-03-10 18:27:43,296 - INFO - epoch[9/15], train_loss:0.009,train_acc:99.93, val_total:13821, val_correct:13403, val_acc:96.98
2023-03-10 18:27:43,296 - INFO - epoch[9/15], train_loss:0.009,train_acc:99.93, val_total:13821, val_correct:13403, val_acc:96.98
2023-03-10 18:27:43,296 - INFO - epoch[9/15], train_loss:0.009,train_acc:99.93, val_total:13821, val_correct:13403, val_acc:96.98
2023-03-10 18:27:43,296 - INFO - epoch[9/15], train_loss:0.009,train_acc:99.93, val_total:13821, val_correct:13403, val_acc:96.98
2023-03-10 18:27:43,296 - INFO - epoch[9/15], train_loss:0.009,train_acc:99.93, val_total:13821, val_correct:13403, val_acc:96.98
2023-03-10 18:27:43,296 - INFO - epoch[9/15], train_loss:0.009,train_acc:99.93, val_total:13821, val_correct:13403, val_acc:96.98
2023-03-10 18:27:43,296 - INFO - epoch[9/15], train_loss:0.009,train_acc:99.93, val_total:13821, val_correct:13403, val_acc:96.98
2023-03-10 18:27:43,296 - INFO - epoch[9/15], train_loss:0.009,train_acc:99.93, val_total:13821, val_correct:13403, val_acc:96.98
2023-03-10 18:27:43,296 - INFO - epoch[9/15], train_loss:0.009,train_acc:99.93, val_total:13821, val_correct:13403, val_acc:96.98
2023-03-10 18:27:46,769 - INFO - epoch[10/15], train_loss:0.007,train_acc:99.97
2023-03-10 18:27:46,769 - INFO - epoch[10/15], train_loss:0.007,train_acc:99.97
2023-03-10 18:27:46,769 - INFO - epoch[10/15], train_loss:0.007,train_acc:99.97
2023-03-10 18:27:46,769 - INFO - epoch[10/15], train_loss:0.007,train_acc:99.97
2023-03-10 18:27:46,769 - INFO - epoch[10/15], train_loss:0.007,train_acc:99.97
2023-03-10 18:27:46,769 - INFO - epoch[10/15], train_loss:0.007,train_acc:99.97
2023-03-10 18:27:46,769 - INFO - epoch[10/15], train_loss:0.007,train_acc:99.97
2023-03-10 18:27:46,769 - INFO - epoch[10/15], train_loss:0.007,train_acc:99.97
2023-03-10 18:27:46,769 - INFO - epoch[10/15], train_loss:0.007,train_acc:99.97
2023-03-10 18:27:46,769 - INFO - epoch[10/15], train_loss:0.007,train_acc:99.97
2023-03-10 18:27:46,769 - INFO - epoch[10/15], train_loss:0.007,train_acc:99.97
2023-03-10 18:27:50,706 - INFO - epoch[11/15], train_loss:0.006,train_acc:99.98
2023-03-10 18:27:50,706 - INFO - epoch[11/15], train_loss:0.006,train_acc:99.98
2023-03-10 18:27:50,706 - INFO - epoch[11/15], train_loss:0.006,train_acc:99.98
2023-03-10 18:27:50,706 - INFO - epoch[11/15], train_loss:0.006,train_acc:99.98
2023-03-10 18:27:50,706 - INFO - epoch[11/15], train_loss:0.006,train_acc:99.98
2023-03-10 18:27:50,706 - INFO - epoch[11/15], train_loss:0.006,train_acc:99.98
2023-03-10 18:27:50,706 - INFO - epoch[11/15], train_loss:0.006,train_acc:99.98
2023-03-10 18:27:50,706 - INFO - epoch[11/15], train_loss:0.006,train_acc:99.98
2023-03-10 18:27:50,706 - INFO - epoch[11/15], train_loss:0.006,train_acc:99.98
2023-03-10 18:27:50,706 - INFO - epoch[11/15], train_loss:0.006,train_acc:99.98
2023-03-10 18:27:50,706 - INFO - epoch[11/15], train_loss:0.006,train_acc:99.98
2023-03-10 18:27:50,706 - INFO - epoch[11/15], train_loss:0.006,train_acc:99.98
2023-03-10 18:27:54,628 - INFO - epoch[12/15], train_loss:0.005,train_acc:99.99, val_total:13821, val_correct:13406, val_acc:97.00
2023-03-10 18:27:54,628 - INFO - epoch[12/15], train_loss:0.005,train_acc:99.99, val_total:13821, val_correct:13406, val_acc:97.00
2023-03-10 18:27:54,628 - INFO - epoch[12/15], train_loss:0.005,train_acc:99.99, val_total:13821, val_correct:13406, val_acc:97.00
2023-03-10 18:27:54,628 - INFO - epoch[12/15], train_loss:0.005,train_acc:99.99, val_total:13821, val_correct:13406, val_acc:97.00
2023-03-10 18:27:54,628 - INFO - epoch[12/15], train_loss:0.005,train_acc:99.99, val_total:13821, val_correct:13406, val_acc:97.00
2023-03-10 18:27:54,628 - INFO - epoch[12/15], train_loss:0.005,train_acc:99.99, val_total:13821, val_correct:13406, val_acc:97.00
2023-03-10 18:27:54,628 - INFO - epoch[12/15], train_loss:0.005,train_acc:99.99, val_total:13821, val_correct:13406, val_acc:97.00
2023-03-10 18:27:54,628 - INFO - epoch[12/15], train_loss:0.005,train_acc:99.99, val_total:13821, val_correct:13406, val_acc:97.00
2023-03-10 18:27:54,628 - INFO - epoch[12/15], train_loss:0.005,train_acc:99.99, val_total:13821, val_correct:13406, val_acc:97.00
2023-03-10 18:27:54,628 - INFO - epoch[12/15], train_loss:0.005,train_acc:99.99, val_total:13821, val_correct:13406, val_acc:97.00
2023-03-10 18:27:54,628 - INFO - epoch[12/15], train_loss:0.005,train_acc:99.99, val_total:13821, val_correct:13406, val_acc:97.00
2023-03-10 18:27:54,628 - INFO - epoch[12/15], train_loss:0.005,train_acc:99.99, val_total:13821, val_correct:13406, val_acc:97.00
2023-03-10 18:27:54,628 - INFO - epoch[12/15], train_loss:0.005,train_acc:99.99, val_total:13821, val_correct:13406, val_acc:97.00
2023-03-10 18:27:58,832 - INFO - epoch[13/15], train_loss:0.004,train_acc:99.99
2023-03-10 18:27:58,832 - INFO - epoch[13/15], train_loss:0.004,train_acc:99.99
2023-03-10 18:27:58,832 - INFO - epoch[13/15], train_loss:0.004,train_acc:99.99
2023-03-10 18:27:58,832 - INFO - epoch[13/15], train_loss:0.004,train_acc:99.99
2023-03-10 18:27:58,832 - INFO - epoch[13/15], train_loss:0.004,train_acc:99.99
2023-03-10 18:27:58,832 - INFO - epoch[13/15], train_loss:0.004,train_acc:99.99
2023-03-10 18:27:58,832 - INFO - epoch[13/15], train_loss:0.004,train_acc:99.99
2023-03-10 18:27:58,832 - INFO - epoch[13/15], train_loss:0.004,train_acc:99.99
2023-03-10 18:27:58,832 - INFO - epoch[13/15], train_loss:0.004,train_acc:99.99
2023-03-10 18:27:58,832 - INFO - epoch[13/15], train_loss:0.004,train_acc:99.99
2023-03-10 18:27:58,832 - INFO - epoch[13/15], train_loss:0.004,train_acc:99.99
2023-03-10 18:27:58,832 - INFO - epoch[13/15], train_loss:0.004,train_acc:99.99
2023-03-10 18:27:58,832 - INFO - epoch[13/15], train_loss:0.004,train_acc:99.99
2023-03-10 18:27:58,832 - INFO - epoch[13/15], train_loss:0.004,train_acc:99.99
2023-03-10 18:28:02,654 - INFO - epoch[14/15], train_loss:0.004,train_acc:100.00
2023-03-10 18:28:02,654 - INFO - epoch[14/15], train_loss:0.004,train_acc:100.00
2023-03-10 18:28:02,654 - INFO - epoch[14/15], train_loss:0.004,train_acc:100.00
2023-03-10 18:28:02,654 - INFO - epoch[14/15], train_loss:0.004,train_acc:100.00
2023-03-10 18:28:02,654 - INFO - epoch[14/15], train_loss:0.004,train_acc:100.00
2023-03-10 18:28:02,654 - INFO - epoch[14/15], train_loss:0.004,train_acc:100.00
2023-03-10 18:28:02,654 - INFO - epoch[14/15], train_loss:0.004,train_acc:100.00
2023-03-10 18:28:02,654 - INFO - epoch[14/15], train_loss:0.004,train_acc:100.00
2023-03-10 18:28:02,654 - INFO - epoch[14/15], train_loss:0.004,train_acc:100.00
2023-03-10 18:28:02,654 - INFO - epoch[14/15], train_loss:0.004,train_acc:100.00
2023-03-10 18:28:02,654 - INFO - epoch[14/15], train_loss:0.004,train_acc:100.00
2023-03-10 18:28:02,654 - INFO - epoch[14/15], train_loss:0.004,train_acc:100.00
2023-03-10 18:28:02,654 - INFO - epoch[14/15], train_loss:0.004,train_acc:100.00
2023-03-10 18:28:02,654 - INFO - epoch[14/15], train_loss:0.004,train_acc:100.00
2023-03-10 18:28:02,654 - INFO - epoch[14/15], train_loss:0.004,train_acc:100.00
2023-03-10 18:28:06,462 - INFO - epoch[15/15], train_loss:0.003,train_acc:100.00, val_total:13821, val_correct:13432, val_acc:97.19
2023-03-10 18:28:06,462 - INFO - epoch[15/15], train_loss:0.003,train_acc:100.00, val_total:13821, val_correct:13432, val_acc:97.19
2023-03-10 18:28:06,462 - INFO - epoch[15/15], train_loss:0.003,train_acc:100.00, val_total:13821, val_correct:13432, val_acc:97.19
2023-03-10 18:28:06,462 - INFO - epoch[15/15], train_loss:0.003,train_acc:100.00, val_total:13821, val_correct:13432, val_acc:97.19
2023-03-10 18:28:06,462 - INFO - epoch[15/15], train_loss:0.003,train_acc:100.00, val_total:13821, val_correct:13432, val_acc:97.19
2023-03-10 18:28:06,462 - INFO - epoch[15/15], train_loss:0.003,train_acc:100.00, val_total:13821, val_correct:13432, val_acc:97.19
2023-03-10 18:28:06,462 - INFO - epoch[15/15], train_loss:0.003,train_acc:100.00, val_total:13821, val_correct:13432, val_acc:97.19
2023-03-10 18:28:06,462 - INFO - epoch[15/15], train_loss:0.003,train_acc:100.00, val_total:13821, val_correct:13432, val_acc:97.19
2023-03-10 18:28:06,462 - INFO - epoch[15/15], train_loss:0.003,train_acc:100.00, val_total:13821, val_correct:13432, val_acc:97.19
2023-03-10 18:28:06,462 - INFO - epoch[15/15], train_loss:0.003,train_acc:100.00, val_total:13821, val_correct:13432, val_acc:97.19
2023-03-10 18:28:06,462 - INFO - epoch[15/15], train_loss:0.003,train_acc:100.00, val_total:13821, val_correct:13432, val_acc:97.19
2023-03-10 18:28:06,462 - INFO - epoch[15/15], train_loss:0.003,train_acc:100.00, val_total:13821, val_correct:13432, val_acc:97.19
2023-03-10 18:28:06,462 - INFO - epoch[15/15], train_loss:0.003,train_acc:100.00, val_total:13821, val_correct:13432, val_acc:97.19
2023-03-10 18:28:06,462 - INFO - epoch[15/15], train_loss:0.003,train_acc:100.00, val_total:13821, val_correct:13432, val_acc:97.19
2023-03-10 18:28:06,462 - INFO - epoch[15/15], train_loss:0.003,train_acc:100.00, val_total:13821, val_correct:13432, val_acc:97.19
2023-03-10 18:28:06,462 - INFO - epoch[15/15], train_loss:0.003,train_acc:100.00, val_total:13821, val_correct:13432, val_acc:97.19
2023-03-13 10:23:23,527 - INFO - 
        +-------------------------------------------------------+
        |                 模型设置以及代码运行环境                  |
        |=======================================================|
        |Optimizer: SGD         lr: 0.001       Device: cuda:0  |
        |-------------------------------------------------------|
        |Loss Function:CrossEntropyLoss      Max_Epoch:15       |
        |=======================================================|
        |2023-03-13 10:23:23.525093                             |
        +-------------------------------------------------------+
            
2023-03-13 10:24:29,658 - INFO - 
        +-------------------------------------------------------+
        |                 模型设置以及代码运行环境                  |
        |=======================================================|
        |Optimizer: SGD         lr: 0.001       Device: cuda:0  |
        |-------------------------------------------------------|
        |Loss Function:CrossEntropyLoss      Max_Epoch:15       |
        |=======================================================|
        |2023-03-13 10:24:29.655129                             |
        +-------------------------------------------------------+
            
2023-03-13 10:24:33,437 - INFO - epoch[1/15], train_loss:0.420,train_acc:90.50
2023-03-13 10:24:33,437 - INFO - epoch[1/15], train_loss:0.420,train_acc:90.50
2023-03-13 10:24:35,366 - INFO - epoch[2/15], train_loss:0.123,train_acc:96.27
2023-03-13 10:24:35,366 - INFO - epoch[2/15], train_loss:0.123,train_acc:96.27
2023-03-13 10:24:35,366 - INFO - epoch[2/15], train_loss:0.123,train_acc:96.27
2023-03-13 10:24:37,661 - INFO - epoch[3/15], train_loss:0.077,train_acc:97.74, val_total:13821, val_correct:13312, val_acc:96.32
2023-03-13 10:24:37,661 - INFO - epoch[3/15], train_loss:0.077,train_acc:97.74, val_total:13821, val_correct:13312, val_acc:96.32
2023-03-13 10:24:37,661 - INFO - epoch[3/15], train_loss:0.077,train_acc:97.74, val_total:13821, val_correct:13312, val_acc:96.32
2023-03-13 10:24:37,661 - INFO - epoch[3/15], train_loss:0.077,train_acc:97.74, val_total:13821, val_correct:13312, val_acc:96.32
2023-03-13 10:24:39,565 - INFO - epoch[4/15], train_loss:0.052,train_acc:98.55
2023-03-13 10:24:39,565 - INFO - epoch[4/15], train_loss:0.052,train_acc:98.55
2023-03-13 10:24:39,565 - INFO - epoch[4/15], train_loss:0.052,train_acc:98.55
2023-03-13 10:24:39,565 - INFO - epoch[4/15], train_loss:0.052,train_acc:98.55
2023-03-13 10:24:39,565 - INFO - epoch[4/15], train_loss:0.052,train_acc:98.55
2023-03-13 10:24:41,573 - INFO - epoch[5/15], train_loss:0.036,train_acc:99.08
2023-03-13 10:24:41,573 - INFO - epoch[5/15], train_loss:0.036,train_acc:99.08
2023-03-13 10:24:41,573 - INFO - epoch[5/15], train_loss:0.036,train_acc:99.08
2023-03-13 10:24:41,573 - INFO - epoch[5/15], train_loss:0.036,train_acc:99.08
2023-03-13 10:24:41,573 - INFO - epoch[5/15], train_loss:0.036,train_acc:99.08
2023-03-13 10:24:41,573 - INFO - epoch[5/15], train_loss:0.036,train_acc:99.08
2023-03-13 10:24:43,937 - INFO - epoch[6/15], train_loss:0.026,train_acc:99.49, val_total:13821, val_correct:13390, val_acc:96.88
2023-03-13 10:24:43,937 - INFO - epoch[6/15], train_loss:0.026,train_acc:99.49, val_total:13821, val_correct:13390, val_acc:96.88
2023-03-13 10:24:43,937 - INFO - epoch[6/15], train_loss:0.026,train_acc:99.49, val_total:13821, val_correct:13390, val_acc:96.88
2023-03-13 10:24:43,937 - INFO - epoch[6/15], train_loss:0.026,train_acc:99.49, val_total:13821, val_correct:13390, val_acc:96.88
2023-03-13 10:24:43,937 - INFO - epoch[6/15], train_loss:0.026,train_acc:99.49, val_total:13821, val_correct:13390, val_acc:96.88
2023-03-13 10:24:43,937 - INFO - epoch[6/15], train_loss:0.026,train_acc:99.49, val_total:13821, val_correct:13390, val_acc:96.88
2023-03-13 10:24:43,937 - INFO - epoch[6/15], train_loss:0.026,train_acc:99.49, val_total:13821, val_correct:13390, val_acc:96.88
2023-03-13 10:24:45,790 - INFO - epoch[7/15], train_loss:0.019,train_acc:99.69
2023-03-13 10:24:45,790 - INFO - epoch[7/15], train_loss:0.019,train_acc:99.69
2023-03-13 10:24:45,790 - INFO - epoch[7/15], train_loss:0.019,train_acc:99.69
2023-03-13 10:24:45,790 - INFO - epoch[7/15], train_loss:0.019,train_acc:99.69
2023-03-13 10:24:45,790 - INFO - epoch[7/15], train_loss:0.019,train_acc:99.69
2023-03-13 10:24:45,790 - INFO - epoch[7/15], train_loss:0.019,train_acc:99.69
2023-03-13 10:24:45,790 - INFO - epoch[7/15], train_loss:0.019,train_acc:99.69
2023-03-13 10:24:45,790 - INFO - epoch[7/15], train_loss:0.019,train_acc:99.69
2023-03-13 10:24:47,642 - INFO - epoch[8/15], train_loss:0.014,train_acc:99.85
2023-03-13 10:24:47,642 - INFO - epoch[8/15], train_loss:0.014,train_acc:99.85
2023-03-13 10:24:47,642 - INFO - epoch[8/15], train_loss:0.014,train_acc:99.85
2023-03-13 10:24:47,642 - INFO - epoch[8/15], train_loss:0.014,train_acc:99.85
2023-03-13 10:24:47,642 - INFO - epoch[8/15], train_loss:0.014,train_acc:99.85
2023-03-13 10:24:47,642 - INFO - epoch[8/15], train_loss:0.014,train_acc:99.85
2023-03-13 10:24:47,642 - INFO - epoch[8/15], train_loss:0.014,train_acc:99.85
2023-03-13 10:24:47,642 - INFO - epoch[8/15], train_loss:0.014,train_acc:99.85
2023-03-13 10:24:47,642 - INFO - epoch[8/15], train_loss:0.014,train_acc:99.85
2023-03-13 10:24:50,006 - INFO - epoch[9/15], train_loss:0.011,train_acc:99.91, val_total:13821, val_correct:13405, val_acc:96.99
2023-03-13 10:24:50,006 - INFO - epoch[9/15], train_loss:0.011,train_acc:99.91, val_total:13821, val_correct:13405, val_acc:96.99
2023-03-13 10:24:50,006 - INFO - epoch[9/15], train_loss:0.011,train_acc:99.91, val_total:13821, val_correct:13405, val_acc:96.99
2023-03-13 10:24:50,006 - INFO - epoch[9/15], train_loss:0.011,train_acc:99.91, val_total:13821, val_correct:13405, val_acc:96.99
2023-03-13 10:24:50,006 - INFO - epoch[9/15], train_loss:0.011,train_acc:99.91, val_total:13821, val_correct:13405, val_acc:96.99
2023-03-13 10:24:50,006 - INFO - epoch[9/15], train_loss:0.011,train_acc:99.91, val_total:13821, val_correct:13405, val_acc:96.99
2023-03-13 10:24:50,006 - INFO - epoch[9/15], train_loss:0.011,train_acc:99.91, val_total:13821, val_correct:13405, val_acc:96.99
2023-03-13 10:24:50,006 - INFO - epoch[9/15], train_loss:0.011,train_acc:99.91, val_total:13821, val_correct:13405, val_acc:96.99
2023-03-13 10:24:50,006 - INFO - epoch[9/15], train_loss:0.011,train_acc:99.91, val_total:13821, val_correct:13405, val_acc:96.99
2023-03-13 10:24:50,006 - INFO - epoch[9/15], train_loss:0.011,train_acc:99.91, val_total:13821, val_correct:13405, val_acc:96.99
2023-03-13 10:24:52,489 - INFO - epoch[10/15], train_loss:0.008,train_acc:99.94
2023-03-13 10:24:52,489 - INFO - epoch[10/15], train_loss:0.008,train_acc:99.94
2023-03-13 10:24:52,489 - INFO - epoch[10/15], train_loss:0.008,train_acc:99.94
2023-03-13 10:24:52,489 - INFO - epoch[10/15], train_loss:0.008,train_acc:99.94
2023-03-13 10:24:52,489 - INFO - epoch[10/15], train_loss:0.008,train_acc:99.94
2023-03-13 10:24:52,489 - INFO - epoch[10/15], train_loss:0.008,train_acc:99.94
2023-03-13 10:24:52,489 - INFO - epoch[10/15], train_loss:0.008,train_acc:99.94
2023-03-13 10:24:52,489 - INFO - epoch[10/15], train_loss:0.008,train_acc:99.94
2023-03-13 10:24:52,489 - INFO - epoch[10/15], train_loss:0.008,train_acc:99.94
2023-03-13 10:24:52,489 - INFO - epoch[10/15], train_loss:0.008,train_acc:99.94
2023-03-13 10:24:52,489 - INFO - epoch[10/15], train_loss:0.008,train_acc:99.94
2023-03-13 10:24:54,389 - INFO - epoch[11/15], train_loss:0.007,train_acc:99.97
2023-03-13 10:24:54,389 - INFO - epoch[11/15], train_loss:0.007,train_acc:99.97
2023-03-13 10:24:54,389 - INFO - epoch[11/15], train_loss:0.007,train_acc:99.97
2023-03-13 10:24:54,389 - INFO - epoch[11/15], train_loss:0.007,train_acc:99.97
2023-03-13 10:24:54,389 - INFO - epoch[11/15], train_loss:0.007,train_acc:99.97
2023-03-13 10:24:54,389 - INFO - epoch[11/15], train_loss:0.007,train_acc:99.97
2023-03-13 10:24:54,389 - INFO - epoch[11/15], train_loss:0.007,train_acc:99.97
2023-03-13 10:24:54,389 - INFO - epoch[11/15], train_loss:0.007,train_acc:99.97
2023-03-13 10:24:54,389 - INFO - epoch[11/15], train_loss:0.007,train_acc:99.97
2023-03-13 10:24:54,389 - INFO - epoch[11/15], train_loss:0.007,train_acc:99.97
2023-03-13 10:24:54,389 - INFO - epoch[11/15], train_loss:0.007,train_acc:99.97
2023-03-13 10:24:54,389 - INFO - epoch[11/15], train_loss:0.007,train_acc:99.97
2023-03-13 10:24:56,642 - INFO - epoch[12/15], train_loss:0.006,train_acc:99.98, val_total:13821, val_correct:13432, val_acc:97.19
2023-03-13 10:24:56,642 - INFO - epoch[12/15], train_loss:0.006,train_acc:99.98, val_total:13821, val_correct:13432, val_acc:97.19
2023-03-13 10:24:56,642 - INFO - epoch[12/15], train_loss:0.006,train_acc:99.98, val_total:13821, val_correct:13432, val_acc:97.19
2023-03-13 10:24:56,642 - INFO - epoch[12/15], train_loss:0.006,train_acc:99.98, val_total:13821, val_correct:13432, val_acc:97.19
2023-03-13 10:24:56,642 - INFO - epoch[12/15], train_loss:0.006,train_acc:99.98, val_total:13821, val_correct:13432, val_acc:97.19
2023-03-13 10:24:56,642 - INFO - epoch[12/15], train_loss:0.006,train_acc:99.98, val_total:13821, val_correct:13432, val_acc:97.19
2023-03-13 10:24:56,642 - INFO - epoch[12/15], train_loss:0.006,train_acc:99.98, val_total:13821, val_correct:13432, val_acc:97.19
2023-03-13 10:24:56,642 - INFO - epoch[12/15], train_loss:0.006,train_acc:99.98, val_total:13821, val_correct:13432, val_acc:97.19
2023-03-13 10:24:56,642 - INFO - epoch[12/15], train_loss:0.006,train_acc:99.98, val_total:13821, val_correct:13432, val_acc:97.19
2023-03-13 10:24:56,642 - INFO - epoch[12/15], train_loss:0.006,train_acc:99.98, val_total:13821, val_correct:13432, val_acc:97.19
2023-03-13 10:24:56,642 - INFO - epoch[12/15], train_loss:0.006,train_acc:99.98, val_total:13821, val_correct:13432, val_acc:97.19
2023-03-13 10:24:56,642 - INFO - epoch[12/15], train_loss:0.006,train_acc:99.98, val_total:13821, val_correct:13432, val_acc:97.19
2023-03-13 10:24:56,642 - INFO - epoch[12/15], train_loss:0.006,train_acc:99.98, val_total:13821, val_correct:13432, val_acc:97.19
2023-03-13 10:24:58,549 - INFO - epoch[13/15], train_loss:0.005,train_acc:99.99
2023-03-13 10:24:58,549 - INFO - epoch[13/15], train_loss:0.005,train_acc:99.99
2023-03-13 10:24:58,549 - INFO - epoch[13/15], train_loss:0.005,train_acc:99.99
2023-03-13 10:24:58,549 - INFO - epoch[13/15], train_loss:0.005,train_acc:99.99
2023-03-13 10:24:58,549 - INFO - epoch[13/15], train_loss:0.005,train_acc:99.99
2023-03-13 10:24:58,549 - INFO - epoch[13/15], train_loss:0.005,train_acc:99.99
2023-03-13 10:24:58,549 - INFO - epoch[13/15], train_loss:0.005,train_acc:99.99
2023-03-13 10:24:58,549 - INFO - epoch[13/15], train_loss:0.005,train_acc:99.99
2023-03-13 10:24:58,549 - INFO - epoch[13/15], train_loss:0.005,train_acc:99.99
2023-03-13 10:24:58,549 - INFO - epoch[13/15], train_loss:0.005,train_acc:99.99
2023-03-13 10:24:58,549 - INFO - epoch[13/15], train_loss:0.005,train_acc:99.99
2023-03-13 10:24:58,549 - INFO - epoch[13/15], train_loss:0.005,train_acc:99.99
2023-03-13 10:24:58,549 - INFO - epoch[13/15], train_loss:0.005,train_acc:99.99
2023-03-13 10:24:58,549 - INFO - epoch[13/15], train_loss:0.005,train_acc:99.99
2023-03-13 10:25:00,420 - INFO - epoch[14/15], train_loss:0.004,train_acc:99.99
2023-03-13 10:25:00,420 - INFO - epoch[14/15], train_loss:0.004,train_acc:99.99
2023-03-13 10:25:00,420 - INFO - epoch[14/15], train_loss:0.004,train_acc:99.99
2023-03-13 10:25:00,420 - INFO - epoch[14/15], train_loss:0.004,train_acc:99.99
2023-03-13 10:25:00,420 - INFO - epoch[14/15], train_loss:0.004,train_acc:99.99
2023-03-13 10:25:00,420 - INFO - epoch[14/15], train_loss:0.004,train_acc:99.99
2023-03-13 10:25:00,420 - INFO - epoch[14/15], train_loss:0.004,train_acc:99.99
2023-03-13 10:25:00,420 - INFO - epoch[14/15], train_loss:0.004,train_acc:99.99
2023-03-13 10:25:00,420 - INFO - epoch[14/15], train_loss:0.004,train_acc:99.99
2023-03-13 10:25:00,420 - INFO - epoch[14/15], train_loss:0.004,train_acc:99.99
2023-03-13 10:25:00,420 - INFO - epoch[14/15], train_loss:0.004,train_acc:99.99
2023-03-13 10:25:00,420 - INFO - epoch[14/15], train_loss:0.004,train_acc:99.99
2023-03-13 10:25:00,420 - INFO - epoch[14/15], train_loss:0.004,train_acc:99.99
2023-03-13 10:25:00,420 - INFO - epoch[14/15], train_loss:0.004,train_acc:99.99
2023-03-13 10:25:00,420 - INFO - epoch[14/15], train_loss:0.004,train_acc:99.99
2023-03-13 10:25:02,963 - INFO - epoch[15/15], train_loss:0.004,train_acc:100.00, val_total:13821, val_correct:13439, val_acc:97.24
2023-03-13 10:25:02,963 - INFO - epoch[15/15], train_loss:0.004,train_acc:100.00, val_total:13821, val_correct:13439, val_acc:97.24
2023-03-13 10:25:02,963 - INFO - epoch[15/15], train_loss:0.004,train_acc:100.00, val_total:13821, val_correct:13439, val_acc:97.24
2023-03-13 10:25:02,963 - INFO - epoch[15/15], train_loss:0.004,train_acc:100.00, val_total:13821, val_correct:13439, val_acc:97.24
2023-03-13 10:25:02,963 - INFO - epoch[15/15], train_loss:0.004,train_acc:100.00, val_total:13821, val_correct:13439, val_acc:97.24
2023-03-13 10:25:02,963 - INFO - epoch[15/15], train_loss:0.004,train_acc:100.00, val_total:13821, val_correct:13439, val_acc:97.24
2023-03-13 10:25:02,963 - INFO - epoch[15/15], train_loss:0.004,train_acc:100.00, val_total:13821, val_correct:13439, val_acc:97.24
2023-03-13 10:25:02,963 - INFO - epoch[15/15], train_loss:0.004,train_acc:100.00, val_total:13821, val_correct:13439, val_acc:97.24
2023-03-13 10:25:02,963 - INFO - epoch[15/15], train_loss:0.004,train_acc:100.00, val_total:13821, val_correct:13439, val_acc:97.24
2023-03-13 10:25:02,963 - INFO - epoch[15/15], train_loss:0.004,train_acc:100.00, val_total:13821, val_correct:13439, val_acc:97.24
2023-03-13 10:25:02,963 - INFO - epoch[15/15], train_loss:0.004,train_acc:100.00, val_total:13821, val_correct:13439, val_acc:97.24
2023-03-13 10:25:02,963 - INFO - epoch[15/15], train_loss:0.004,train_acc:100.00, val_total:13821, val_correct:13439, val_acc:97.24
2023-03-13 10:25:02,963 - INFO - epoch[15/15], train_loss:0.004,train_acc:100.00, val_total:13821, val_correct:13439, val_acc:97.24
2023-03-13 10:25:02,963 - INFO - epoch[15/15], train_loss:0.004,train_acc:100.00, val_total:13821, val_correct:13439, val_acc:97.24
2023-03-13 10:25:02,963 - INFO - epoch[15/15], train_loss:0.004,train_acc:100.00, val_total:13821, val_correct:13439, val_acc:97.24
2023-03-13 10:25:02,963 - INFO - epoch[15/15], train_loss:0.004,train_acc:100.00, val_total:13821, val_correct:13439, val_acc:97.24
2023-03-13 11:43:09,464 - INFO - 
        +-------------------------------------------------------+
        |                 模型设置以及代码运行环境                  |
        |=======================================================|
        |Optimizer: SGD         lr: 0.001       Device: cuda:0  |
        |-------------------------------------------------------|
        |Loss Function:CrossEntropyLoss      Max_Epoch:15       |
        |=======================================================|
        |2023-03-13 11:43:09.464034                             |
        +-------------------------------------------------------+
            
2023-03-13 11:43:13,371 - INFO - epoch[1/15], train_loss:0.433,train_acc:90.21
2023-03-13 11:43:13,371 - INFO - epoch[1/15], train_loss:0.433,train_acc:90.21
2023-03-13 11:43:15,199 - INFO - epoch[2/15], train_loss:0.118,train_acc:96.39
2023-03-13 11:43:15,199 - INFO - epoch[2/15], train_loss:0.118,train_acc:96.39
2023-03-13 11:43:15,199 - INFO - epoch[2/15], train_loss:0.118,train_acc:96.39
2023-03-13 11:43:17,464 - INFO - epoch[3/15], train_loss:0.070,train_acc:97.95, val_total:13821, val_correct:13306, val_acc:96.27
2023-03-13 11:43:17,464 - INFO - epoch[3/15], train_loss:0.070,train_acc:97.95, val_total:13821, val_correct:13306, val_acc:96.27
2023-03-13 11:43:17,464 - INFO - epoch[3/15], train_loss:0.070,train_acc:97.95, val_total:13821, val_correct:13306, val_acc:96.27
2023-03-13 11:43:17,464 - INFO - epoch[3/15], train_loss:0.070,train_acc:97.95, val_total:13821, val_correct:13306, val_acc:96.27
2023-03-13 11:43:19,369 - INFO - epoch[4/15], train_loss:0.047,train_acc:98.73
2023-03-13 11:43:19,369 - INFO - epoch[4/15], train_loss:0.047,train_acc:98.73
2023-03-13 11:43:19,369 - INFO - epoch[4/15], train_loss:0.047,train_acc:98.73
2023-03-13 11:43:19,369 - INFO - epoch[4/15], train_loss:0.047,train_acc:98.73
2023-03-13 11:43:19,369 - INFO - epoch[4/15], train_loss:0.047,train_acc:98.73
2023-03-13 11:43:21,506 - INFO - epoch[5/15], train_loss:0.031,train_acc:99.26
2023-03-13 11:43:21,506 - INFO - epoch[5/15], train_loss:0.031,train_acc:99.26
2023-03-13 11:43:21,506 - INFO - epoch[5/15], train_loss:0.031,train_acc:99.26
2023-03-13 11:43:21,506 - INFO - epoch[5/15], train_loss:0.031,train_acc:99.26
2023-03-13 11:43:21,506 - INFO - epoch[5/15], train_loss:0.031,train_acc:99.26
2023-03-13 11:43:21,506 - INFO - epoch[5/15], train_loss:0.031,train_acc:99.26
2023-03-13 11:43:24,369 - INFO - epoch[6/15], train_loss:0.021,train_acc:99.58, val_total:13821, val_correct:13373, val_acc:96.76
2023-03-13 11:43:24,369 - INFO - epoch[6/15], train_loss:0.021,train_acc:99.58, val_total:13821, val_correct:13373, val_acc:96.76
2023-03-13 11:43:24,369 - INFO - epoch[6/15], train_loss:0.021,train_acc:99.58, val_total:13821, val_correct:13373, val_acc:96.76
2023-03-13 11:43:24,369 - INFO - epoch[6/15], train_loss:0.021,train_acc:99.58, val_total:13821, val_correct:13373, val_acc:96.76
2023-03-13 11:43:24,369 - INFO - epoch[6/15], train_loss:0.021,train_acc:99.58, val_total:13821, val_correct:13373, val_acc:96.76
2023-03-13 11:43:24,369 - INFO - epoch[6/15], train_loss:0.021,train_acc:99.58, val_total:13821, val_correct:13373, val_acc:96.76
2023-03-13 11:43:24,369 - INFO - epoch[6/15], train_loss:0.021,train_acc:99.58, val_total:13821, val_correct:13373, val_acc:96.76
2023-03-13 11:43:26,402 - INFO - epoch[7/15], train_loss:0.015,train_acc:99.77
2023-03-13 11:43:26,402 - INFO - epoch[7/15], train_loss:0.015,train_acc:99.77
2023-03-13 11:43:26,402 - INFO - epoch[7/15], train_loss:0.015,train_acc:99.77
2023-03-13 11:43:26,402 - INFO - epoch[7/15], train_loss:0.015,train_acc:99.77
2023-03-13 11:43:26,402 - INFO - epoch[7/15], train_loss:0.015,train_acc:99.77
2023-03-13 11:43:26,402 - INFO - epoch[7/15], train_loss:0.015,train_acc:99.77
2023-03-13 11:43:26,402 - INFO - epoch[7/15], train_loss:0.015,train_acc:99.77
2023-03-13 11:43:26,402 - INFO - epoch[7/15], train_loss:0.015,train_acc:99.77
2023-03-13 11:43:28,840 - INFO - epoch[8/15], train_loss:0.011,train_acc:99.89
2023-03-13 11:43:28,840 - INFO - epoch[8/15], train_loss:0.011,train_acc:99.89
2023-03-13 11:43:28,840 - INFO - epoch[8/15], train_loss:0.011,train_acc:99.89
2023-03-13 11:43:28,840 - INFO - epoch[8/15], train_loss:0.011,train_acc:99.89
2023-03-13 11:43:28,840 - INFO - epoch[8/15], train_loss:0.011,train_acc:99.89
2023-03-13 11:43:28,840 - INFO - epoch[8/15], train_loss:0.011,train_acc:99.89
2023-03-13 11:43:28,840 - INFO - epoch[8/15], train_loss:0.011,train_acc:99.89
2023-03-13 11:43:28,840 - INFO - epoch[8/15], train_loss:0.011,train_acc:99.89
2023-03-13 11:43:28,840 - INFO - epoch[8/15], train_loss:0.011,train_acc:99.89
2023-03-13 11:43:31,315 - INFO - epoch[9/15], train_loss:0.009,train_acc:99.96, val_total:13821, val_correct:13396, val_acc:96.92
2023-03-13 11:43:31,315 - INFO - epoch[9/15], train_loss:0.009,train_acc:99.96, val_total:13821, val_correct:13396, val_acc:96.92
2023-03-13 11:43:31,315 - INFO - epoch[9/15], train_loss:0.009,train_acc:99.96, val_total:13821, val_correct:13396, val_acc:96.92
2023-03-13 11:43:31,315 - INFO - epoch[9/15], train_loss:0.009,train_acc:99.96, val_total:13821, val_correct:13396, val_acc:96.92
2023-03-13 11:43:31,315 - INFO - epoch[9/15], train_loss:0.009,train_acc:99.96, val_total:13821, val_correct:13396, val_acc:96.92
2023-03-13 11:43:31,315 - INFO - epoch[9/15], train_loss:0.009,train_acc:99.96, val_total:13821, val_correct:13396, val_acc:96.92
2023-03-13 11:43:31,315 - INFO - epoch[9/15], train_loss:0.009,train_acc:99.96, val_total:13821, val_correct:13396, val_acc:96.92
2023-03-13 11:43:31,315 - INFO - epoch[9/15], train_loss:0.009,train_acc:99.96, val_total:13821, val_correct:13396, val_acc:96.92
2023-03-13 11:43:31,315 - INFO - epoch[9/15], train_loss:0.009,train_acc:99.96, val_total:13821, val_correct:13396, val_acc:96.92
2023-03-13 11:43:31,315 - INFO - epoch[9/15], train_loss:0.009,train_acc:99.96, val_total:13821, val_correct:13396, val_acc:96.92
2023-03-13 11:43:33,430 - INFO - epoch[10/15], train_loss:0.007,train_acc:99.98
2023-03-13 11:43:33,430 - INFO - epoch[10/15], train_loss:0.007,train_acc:99.98
2023-03-13 11:43:33,430 - INFO - epoch[10/15], train_loss:0.007,train_acc:99.98
2023-03-13 11:43:33,430 - INFO - epoch[10/15], train_loss:0.007,train_acc:99.98
2023-03-13 11:43:33,430 - INFO - epoch[10/15], train_loss:0.007,train_acc:99.98
2023-03-13 11:43:33,430 - INFO - epoch[10/15], train_loss:0.007,train_acc:99.98
2023-03-13 11:43:33,430 - INFO - epoch[10/15], train_loss:0.007,train_acc:99.98
2023-03-13 11:43:33,430 - INFO - epoch[10/15], train_loss:0.007,train_acc:99.98
2023-03-13 11:43:33,430 - INFO - epoch[10/15], train_loss:0.007,train_acc:99.98
2023-03-13 11:43:33,430 - INFO - epoch[10/15], train_loss:0.007,train_acc:99.98
2023-03-13 11:43:33,430 - INFO - epoch[10/15], train_loss:0.007,train_acc:99.98
2023-03-13 11:43:35,644 - INFO - epoch[11/15], train_loss:0.006,train_acc:99.99
2023-03-13 11:43:35,644 - INFO - epoch[11/15], train_loss:0.006,train_acc:99.99
2023-03-13 11:43:35,644 - INFO - epoch[11/15], train_loss:0.006,train_acc:99.99
2023-03-13 11:43:35,644 - INFO - epoch[11/15], train_loss:0.006,train_acc:99.99
2023-03-13 11:43:35,644 - INFO - epoch[11/15], train_loss:0.006,train_acc:99.99
2023-03-13 11:43:35,644 - INFO - epoch[11/15], train_loss:0.006,train_acc:99.99
2023-03-13 11:43:35,644 - INFO - epoch[11/15], train_loss:0.006,train_acc:99.99
2023-03-13 11:43:35,644 - INFO - epoch[11/15], train_loss:0.006,train_acc:99.99
2023-03-13 11:43:35,644 - INFO - epoch[11/15], train_loss:0.006,train_acc:99.99
2023-03-13 11:43:35,644 - INFO - epoch[11/15], train_loss:0.006,train_acc:99.99
2023-03-13 11:43:35,644 - INFO - epoch[11/15], train_loss:0.006,train_acc:99.99
2023-03-13 11:43:35,644 - INFO - epoch[11/15], train_loss:0.006,train_acc:99.99
2023-03-13 11:43:38,495 - INFO - epoch[12/15], train_loss:0.005,train_acc:99.99, val_total:13821, val_correct:13403, val_acc:96.98
2023-03-13 11:43:38,495 - INFO - epoch[12/15], train_loss:0.005,train_acc:99.99, val_total:13821, val_correct:13403, val_acc:96.98
2023-03-13 11:43:38,495 - INFO - epoch[12/15], train_loss:0.005,train_acc:99.99, val_total:13821, val_correct:13403, val_acc:96.98
2023-03-13 11:43:38,495 - INFO - epoch[12/15], train_loss:0.005,train_acc:99.99, val_total:13821, val_correct:13403, val_acc:96.98
2023-03-13 11:43:38,495 - INFO - epoch[12/15], train_loss:0.005,train_acc:99.99, val_total:13821, val_correct:13403, val_acc:96.98
2023-03-13 11:43:38,495 - INFO - epoch[12/15], train_loss:0.005,train_acc:99.99, val_total:13821, val_correct:13403, val_acc:96.98
2023-03-13 11:43:38,495 - INFO - epoch[12/15], train_loss:0.005,train_acc:99.99, val_total:13821, val_correct:13403, val_acc:96.98
2023-03-13 11:43:38,495 - INFO - epoch[12/15], train_loss:0.005,train_acc:99.99, val_total:13821, val_correct:13403, val_acc:96.98
2023-03-13 11:43:38,495 - INFO - epoch[12/15], train_loss:0.005,train_acc:99.99, val_total:13821, val_correct:13403, val_acc:96.98
2023-03-13 11:43:38,495 - INFO - epoch[12/15], train_loss:0.005,train_acc:99.99, val_total:13821, val_correct:13403, val_acc:96.98
2023-03-13 11:43:38,495 - INFO - epoch[12/15], train_loss:0.005,train_acc:99.99, val_total:13821, val_correct:13403, val_acc:96.98
2023-03-13 11:43:38,495 - INFO - epoch[12/15], train_loss:0.005,train_acc:99.99, val_total:13821, val_correct:13403, val_acc:96.98
2023-03-13 11:43:38,495 - INFO - epoch[12/15], train_loss:0.005,train_acc:99.99, val_total:13821, val_correct:13403, val_acc:96.98
2023-03-13 11:43:40,621 - INFO - epoch[13/15], train_loss:0.004,train_acc:100.00
2023-03-13 11:43:40,621 - INFO - epoch[13/15], train_loss:0.004,train_acc:100.00
2023-03-13 11:43:40,621 - INFO - epoch[13/15], train_loss:0.004,train_acc:100.00
2023-03-13 11:43:40,621 - INFO - epoch[13/15], train_loss:0.004,train_acc:100.00
2023-03-13 11:43:40,621 - INFO - epoch[13/15], train_loss:0.004,train_acc:100.00
2023-03-13 11:43:40,621 - INFO - epoch[13/15], train_loss:0.004,train_acc:100.00
2023-03-13 11:43:40,621 - INFO - epoch[13/15], train_loss:0.004,train_acc:100.00
2023-03-13 11:43:40,621 - INFO - epoch[13/15], train_loss:0.004,train_acc:100.00
2023-03-13 11:43:40,621 - INFO - epoch[13/15], train_loss:0.004,train_acc:100.00
2023-03-13 11:43:40,621 - INFO - epoch[13/15], train_loss:0.004,train_acc:100.00
2023-03-13 11:43:40,621 - INFO - epoch[13/15], train_loss:0.004,train_acc:100.00
2023-03-13 11:43:40,621 - INFO - epoch[13/15], train_loss:0.004,train_acc:100.00
2023-03-13 11:43:40,621 - INFO - epoch[13/15], train_loss:0.004,train_acc:100.00
2023-03-13 11:43:40,621 - INFO - epoch[13/15], train_loss:0.004,train_acc:100.00
2023-03-13 11:43:42,600 - INFO - epoch[14/15], train_loss:0.004,train_acc:100.00
2023-03-13 11:43:42,600 - INFO - epoch[14/15], train_loss:0.004,train_acc:100.00
2023-03-13 11:43:42,600 - INFO - epoch[14/15], train_loss:0.004,train_acc:100.00
2023-03-13 11:43:42,600 - INFO - epoch[14/15], train_loss:0.004,train_acc:100.00
2023-03-13 11:43:42,600 - INFO - epoch[14/15], train_loss:0.004,train_acc:100.00
2023-03-13 11:43:42,600 - INFO - epoch[14/15], train_loss:0.004,train_acc:100.00
2023-03-13 11:43:42,600 - INFO - epoch[14/15], train_loss:0.004,train_acc:100.00
2023-03-13 11:43:42,600 - INFO - epoch[14/15], train_loss:0.004,train_acc:100.00
2023-03-13 11:43:42,600 - INFO - epoch[14/15], train_loss:0.004,train_acc:100.00
2023-03-13 11:43:42,600 - INFO - epoch[14/15], train_loss:0.004,train_acc:100.00
2023-03-13 11:43:42,600 - INFO - epoch[14/15], train_loss:0.004,train_acc:100.00
2023-03-13 11:43:42,600 - INFO - epoch[14/15], train_loss:0.004,train_acc:100.00
2023-03-13 11:43:42,600 - INFO - epoch[14/15], train_loss:0.004,train_acc:100.00
2023-03-13 11:43:42,600 - INFO - epoch[14/15], train_loss:0.004,train_acc:100.00
2023-03-13 11:43:42,600 - INFO - epoch[14/15], train_loss:0.004,train_acc:100.00
2023-03-13 11:43:44,753 - INFO - epoch[15/15], train_loss:0.003,train_acc:100.00, val_total:13821, val_correct:13419, val_acc:97.09
2023-03-13 11:43:44,753 - INFO - epoch[15/15], train_loss:0.003,train_acc:100.00, val_total:13821, val_correct:13419, val_acc:97.09
2023-03-13 11:43:44,753 - INFO - epoch[15/15], train_loss:0.003,train_acc:100.00, val_total:13821, val_correct:13419, val_acc:97.09
2023-03-13 11:43:44,753 - INFO - epoch[15/15], train_loss:0.003,train_acc:100.00, val_total:13821, val_correct:13419, val_acc:97.09
2023-03-13 11:43:44,753 - INFO - epoch[15/15], train_loss:0.003,train_acc:100.00, val_total:13821, val_correct:13419, val_acc:97.09
2023-03-13 11:43:44,753 - INFO - epoch[15/15], train_loss:0.003,train_acc:100.00, val_total:13821, val_correct:13419, val_acc:97.09
2023-03-13 11:43:44,753 - INFO - epoch[15/15], train_loss:0.003,train_acc:100.00, val_total:13821, val_correct:13419, val_acc:97.09
2023-03-13 11:43:44,753 - INFO - epoch[15/15], train_loss:0.003,train_acc:100.00, val_total:13821, val_correct:13419, val_acc:97.09
2023-03-13 11:43:44,753 - INFO - epoch[15/15], train_loss:0.003,train_acc:100.00, val_total:13821, val_correct:13419, val_acc:97.09
2023-03-13 11:43:44,753 - INFO - epoch[15/15], train_loss:0.003,train_acc:100.00, val_total:13821, val_correct:13419, val_acc:97.09
2023-03-13 11:43:44,753 - INFO - epoch[15/15], train_loss:0.003,train_acc:100.00, val_total:13821, val_correct:13419, val_acc:97.09
2023-03-13 11:43:44,753 - INFO - epoch[15/15], train_loss:0.003,train_acc:100.00, val_total:13821, val_correct:13419, val_acc:97.09
2023-03-13 11:43:44,753 - INFO - epoch[15/15], train_loss:0.003,train_acc:100.00, val_total:13821, val_correct:13419, val_acc:97.09
2023-03-13 11:43:44,753 - INFO - epoch[15/15], train_loss:0.003,train_acc:100.00, val_total:13821, val_correct:13419, val_acc:97.09
2023-03-13 11:43:44,753 - INFO - epoch[15/15], train_loss:0.003,train_acc:100.00, val_total:13821, val_correct:13419, val_acc:97.09
2023-03-13 11:43:44,753 - INFO - epoch[15/15], train_loss:0.003,train_acc:100.00, val_total:13821, val_correct:13419, val_acc:97.09
2023-04-14 09:15:09,697 - INFO - 
        +-------------------------------------------------------+
        |                 模型设置以及代码运行环境                  |
        |=======================================================|
        |Optimizer: SGD         lr: 0.001       Device: cuda:0  |
        |-------------------------------------------------------|
        |Loss Function:CrossEntropyLoss      Max_Epoch:15       |
        |=======================================================|
        |2023-04-14 09:15:09.696861                             |
        +-------------------------------------------------------+
            
2023-04-14 09:15:15,849 - INFO - epoch[1/15], train_loss:0.398,train_acc:90.52
2023-04-14 09:15:15,849 - INFO - epoch[1/15], train_loss:0.398,train_acc:90.52
2023-04-14 09:15:17,587 - INFO - epoch[2/15], train_loss:0.116,train_acc:96.44
2023-04-14 09:15:17,587 - INFO - epoch[2/15], train_loss:0.116,train_acc:96.44
2023-04-14 09:15:17,587 - INFO - epoch[2/15], train_loss:0.116,train_acc:96.44
2023-04-14 09:15:19,640 - INFO - epoch[3/15], train_loss:0.070,train_acc:98.01, val_total:13821, val_correct:13307, val_acc:96.28
2023-04-14 09:15:19,640 - INFO - epoch[3/15], train_loss:0.070,train_acc:98.01, val_total:13821, val_correct:13307, val_acc:96.28
2023-04-14 09:15:19,640 - INFO - epoch[3/15], train_loss:0.070,train_acc:98.01, val_total:13821, val_correct:13307, val_acc:96.28
2023-04-14 09:15:19,640 - INFO - epoch[3/15], train_loss:0.070,train_acc:98.01, val_total:13821, val_correct:13307, val_acc:96.28
2023-04-14 09:15:21,411 - INFO - epoch[4/15], train_loss:0.045,train_acc:98.81
2023-04-14 09:15:21,411 - INFO - epoch[4/15], train_loss:0.045,train_acc:98.81
2023-04-14 09:15:21,411 - INFO - epoch[4/15], train_loss:0.045,train_acc:98.81
2023-04-14 09:15:21,411 - INFO - epoch[4/15], train_loss:0.045,train_acc:98.81
2023-04-14 09:15:21,411 - INFO - epoch[4/15], train_loss:0.045,train_acc:98.81
2023-04-14 09:15:23,137 - INFO - epoch[5/15], train_loss:0.030,train_acc:99.30
2023-04-14 09:15:23,137 - INFO - epoch[5/15], train_loss:0.030,train_acc:99.30
2023-04-14 09:15:23,137 - INFO - epoch[5/15], train_loss:0.030,train_acc:99.30
2023-04-14 09:15:23,137 - INFO - epoch[5/15], train_loss:0.030,train_acc:99.30
2023-04-14 09:15:23,137 - INFO - epoch[5/15], train_loss:0.030,train_acc:99.30
2023-04-14 09:15:23,137 - INFO - epoch[5/15], train_loss:0.030,train_acc:99.30
2023-04-14 09:15:25,129 - INFO - epoch[6/15], train_loss:0.020,train_acc:99.65, val_total:13821, val_correct:13386, val_acc:96.85
2023-04-14 09:15:25,129 - INFO - epoch[6/15], train_loss:0.020,train_acc:99.65, val_total:13821, val_correct:13386, val_acc:96.85
2023-04-14 09:15:25,129 - INFO - epoch[6/15], train_loss:0.020,train_acc:99.65, val_total:13821, val_correct:13386, val_acc:96.85
2023-04-14 09:15:25,129 - INFO - epoch[6/15], train_loss:0.020,train_acc:99.65, val_total:13821, val_correct:13386, val_acc:96.85
2023-04-14 09:15:25,129 - INFO - epoch[6/15], train_loss:0.020,train_acc:99.65, val_total:13821, val_correct:13386, val_acc:96.85
2023-04-14 09:15:25,129 - INFO - epoch[6/15], train_loss:0.020,train_acc:99.65, val_total:13821, val_correct:13386, val_acc:96.85
2023-04-14 09:15:25,129 - INFO - epoch[6/15], train_loss:0.020,train_acc:99.65, val_total:13821, val_correct:13386, val_acc:96.85
2023-04-14 09:15:26,808 - INFO - epoch[7/15], train_loss:0.014,train_acc:99.85
2023-04-14 09:15:26,808 - INFO - epoch[7/15], train_loss:0.014,train_acc:99.85
2023-04-14 09:15:26,808 - INFO - epoch[7/15], train_loss:0.014,train_acc:99.85
2023-04-14 09:15:26,808 - INFO - epoch[7/15], train_loss:0.014,train_acc:99.85
2023-04-14 09:15:26,808 - INFO - epoch[7/15], train_loss:0.014,train_acc:99.85
2023-04-14 09:15:26,808 - INFO - epoch[7/15], train_loss:0.014,train_acc:99.85
2023-04-14 09:15:26,808 - INFO - epoch[7/15], train_loss:0.014,train_acc:99.85
2023-04-14 09:15:26,808 - INFO - epoch[7/15], train_loss:0.014,train_acc:99.85
2023-04-14 09:15:28,492 - INFO - epoch[8/15], train_loss:0.011,train_acc:99.91
2023-04-14 09:15:28,492 - INFO - epoch[8/15], train_loss:0.011,train_acc:99.91
2023-04-14 09:15:28,492 - INFO - epoch[8/15], train_loss:0.011,train_acc:99.91
2023-04-14 09:15:28,492 - INFO - epoch[8/15], train_loss:0.011,train_acc:99.91
2023-04-14 09:15:28,492 - INFO - epoch[8/15], train_loss:0.011,train_acc:99.91
2023-04-14 09:15:28,492 - INFO - epoch[8/15], train_loss:0.011,train_acc:99.91
2023-04-14 09:15:28,492 - INFO - epoch[8/15], train_loss:0.011,train_acc:99.91
2023-04-14 09:15:28,492 - INFO - epoch[8/15], train_loss:0.011,train_acc:99.91
2023-04-14 09:15:28,492 - INFO - epoch[8/15], train_loss:0.011,train_acc:99.91
2023-04-14 09:15:31,024 - INFO - epoch[9/15], train_loss:0.008,train_acc:99.96, val_total:13821, val_correct:13421, val_acc:97.11
2023-04-14 09:15:31,024 - INFO - epoch[9/15], train_loss:0.008,train_acc:99.96, val_total:13821, val_correct:13421, val_acc:97.11
2023-04-14 09:15:31,024 - INFO - epoch[9/15], train_loss:0.008,train_acc:99.96, val_total:13821, val_correct:13421, val_acc:97.11
2023-04-14 09:15:31,024 - INFO - epoch[9/15], train_loss:0.008,train_acc:99.96, val_total:13821, val_correct:13421, val_acc:97.11
2023-04-14 09:15:31,024 - INFO - epoch[9/15], train_loss:0.008,train_acc:99.96, val_total:13821, val_correct:13421, val_acc:97.11
2023-04-14 09:15:31,024 - INFO - epoch[9/15], train_loss:0.008,train_acc:99.96, val_total:13821, val_correct:13421, val_acc:97.11
2023-04-14 09:15:31,024 - INFO - epoch[9/15], train_loss:0.008,train_acc:99.96, val_total:13821, val_correct:13421, val_acc:97.11
2023-04-14 09:15:31,024 - INFO - epoch[9/15], train_loss:0.008,train_acc:99.96, val_total:13821, val_correct:13421, val_acc:97.11
2023-04-14 09:15:31,024 - INFO - epoch[9/15], train_loss:0.008,train_acc:99.96, val_total:13821, val_correct:13421, val_acc:97.11
2023-04-14 09:15:31,024 - INFO - epoch[9/15], train_loss:0.008,train_acc:99.96, val_total:13821, val_correct:13421, val_acc:97.11
2023-04-14 09:15:32,715 - INFO - epoch[10/15], train_loss:0.007,train_acc:99.98
2023-04-14 09:15:32,715 - INFO - epoch[10/15], train_loss:0.007,train_acc:99.98
2023-04-14 09:15:32,715 - INFO - epoch[10/15], train_loss:0.007,train_acc:99.98
2023-04-14 09:15:32,715 - INFO - epoch[10/15], train_loss:0.007,train_acc:99.98
2023-04-14 09:15:32,715 - INFO - epoch[10/15], train_loss:0.007,train_acc:99.98
2023-04-14 09:15:32,715 - INFO - epoch[10/15], train_loss:0.007,train_acc:99.98
2023-04-14 09:15:32,715 - INFO - epoch[10/15], train_loss:0.007,train_acc:99.98
2023-04-14 09:15:32,715 - INFO - epoch[10/15], train_loss:0.007,train_acc:99.98
2023-04-14 09:15:32,715 - INFO - epoch[10/15], train_loss:0.007,train_acc:99.98
2023-04-14 09:15:32,715 - INFO - epoch[10/15], train_loss:0.007,train_acc:99.98
2023-04-14 09:15:32,715 - INFO - epoch[10/15], train_loss:0.007,train_acc:99.98
2023-04-14 09:15:34,334 - INFO - epoch[11/15], train_loss:0.006,train_acc:99.99
2023-04-14 09:15:34,334 - INFO - epoch[11/15], train_loss:0.006,train_acc:99.99
2023-04-14 09:15:34,334 - INFO - epoch[11/15], train_loss:0.006,train_acc:99.99
2023-04-14 09:15:34,334 - INFO - epoch[11/15], train_loss:0.006,train_acc:99.99
2023-04-14 09:15:34,334 - INFO - epoch[11/15], train_loss:0.006,train_acc:99.99
2023-04-14 09:15:34,334 - INFO - epoch[11/15], train_loss:0.006,train_acc:99.99
2023-04-14 09:15:34,334 - INFO - epoch[11/15], train_loss:0.006,train_acc:99.99
2023-04-14 09:15:34,334 - INFO - epoch[11/15], train_loss:0.006,train_acc:99.99
2023-04-14 09:15:34,334 - INFO - epoch[11/15], train_loss:0.006,train_acc:99.99
2023-04-14 09:15:34,334 - INFO - epoch[11/15], train_loss:0.006,train_acc:99.99
2023-04-14 09:15:34,334 - INFO - epoch[11/15], train_loss:0.006,train_acc:99.99
2023-04-14 09:15:34,334 - INFO - epoch[11/15], train_loss:0.006,train_acc:99.99
2023-04-14 09:15:36,290 - INFO - epoch[12/15], train_loss:0.005,train_acc:99.99, val_total:13821, val_correct:13442, val_acc:97.26
2023-04-14 09:15:36,290 - INFO - epoch[12/15], train_loss:0.005,train_acc:99.99, val_total:13821, val_correct:13442, val_acc:97.26
2023-04-14 09:15:36,290 - INFO - epoch[12/15], train_loss:0.005,train_acc:99.99, val_total:13821, val_correct:13442, val_acc:97.26
2023-04-14 09:15:36,290 - INFO - epoch[12/15], train_loss:0.005,train_acc:99.99, val_total:13821, val_correct:13442, val_acc:97.26
2023-04-14 09:15:36,290 - INFO - epoch[12/15], train_loss:0.005,train_acc:99.99, val_total:13821, val_correct:13442, val_acc:97.26
2023-04-14 09:15:36,290 - INFO - epoch[12/15], train_loss:0.005,train_acc:99.99, val_total:13821, val_correct:13442, val_acc:97.26
2023-04-14 09:15:36,290 - INFO - epoch[12/15], train_loss:0.005,train_acc:99.99, val_total:13821, val_correct:13442, val_acc:97.26
2023-04-14 09:15:36,290 - INFO - epoch[12/15], train_loss:0.005,train_acc:99.99, val_total:13821, val_correct:13442, val_acc:97.26
2023-04-14 09:15:36,290 - INFO - epoch[12/15], train_loss:0.005,train_acc:99.99, val_total:13821, val_correct:13442, val_acc:97.26
2023-04-14 09:15:36,290 - INFO - epoch[12/15], train_loss:0.005,train_acc:99.99, val_total:13821, val_correct:13442, val_acc:97.26
2023-04-14 09:15:36,290 - INFO - epoch[12/15], train_loss:0.005,train_acc:99.99, val_total:13821, val_correct:13442, val_acc:97.26
2023-04-14 09:15:36,290 - INFO - epoch[12/15], train_loss:0.005,train_acc:99.99, val_total:13821, val_correct:13442, val_acc:97.26
2023-04-14 09:15:36,290 - INFO - epoch[12/15], train_loss:0.005,train_acc:99.99, val_total:13821, val_correct:13442, val_acc:97.26
2023-04-14 09:15:37,937 - INFO - epoch[13/15], train_loss:0.004,train_acc:99.99
2023-04-14 09:15:37,937 - INFO - epoch[13/15], train_loss:0.004,train_acc:99.99
2023-04-14 09:15:37,937 - INFO - epoch[13/15], train_loss:0.004,train_acc:99.99
2023-04-14 09:15:37,937 - INFO - epoch[13/15], train_loss:0.004,train_acc:99.99
2023-04-14 09:15:37,937 - INFO - epoch[13/15], train_loss:0.004,train_acc:99.99
2023-04-14 09:15:37,937 - INFO - epoch[13/15], train_loss:0.004,train_acc:99.99
2023-04-14 09:15:37,937 - INFO - epoch[13/15], train_loss:0.004,train_acc:99.99
2023-04-14 09:15:37,937 - INFO - epoch[13/15], train_loss:0.004,train_acc:99.99
2023-04-14 09:15:37,937 - INFO - epoch[13/15], train_loss:0.004,train_acc:99.99
2023-04-14 09:15:37,937 - INFO - epoch[13/15], train_loss:0.004,train_acc:99.99
2023-04-14 09:15:37,937 - INFO - epoch[13/15], train_loss:0.004,train_acc:99.99
2023-04-14 09:15:37,937 - INFO - epoch[13/15], train_loss:0.004,train_acc:99.99
2023-04-14 09:15:37,937 - INFO - epoch[13/15], train_loss:0.004,train_acc:99.99
2023-04-14 09:15:37,937 - INFO - epoch[13/15], train_loss:0.004,train_acc:99.99
2023-04-14 09:15:39,604 - INFO - epoch[14/15], train_loss:0.004,train_acc:99.99
2023-04-14 09:15:39,604 - INFO - epoch[14/15], train_loss:0.004,train_acc:99.99
2023-04-14 09:15:39,604 - INFO - epoch[14/15], train_loss:0.004,train_acc:99.99
2023-04-14 09:15:39,604 - INFO - epoch[14/15], train_loss:0.004,train_acc:99.99
2023-04-14 09:15:39,604 - INFO - epoch[14/15], train_loss:0.004,train_acc:99.99
2023-04-14 09:15:39,604 - INFO - epoch[14/15], train_loss:0.004,train_acc:99.99
2023-04-14 09:15:39,604 - INFO - epoch[14/15], train_loss:0.004,train_acc:99.99
2023-04-14 09:15:39,604 - INFO - epoch[14/15], train_loss:0.004,train_acc:99.99
2023-04-14 09:15:39,604 - INFO - epoch[14/15], train_loss:0.004,train_acc:99.99
2023-04-14 09:15:39,604 - INFO - epoch[14/15], train_loss:0.004,train_acc:99.99
2023-04-14 09:15:39,604 - INFO - epoch[14/15], train_loss:0.004,train_acc:99.99
2023-04-14 09:15:39,604 - INFO - epoch[14/15], train_loss:0.004,train_acc:99.99
2023-04-14 09:15:39,604 - INFO - epoch[14/15], train_loss:0.004,train_acc:99.99
2023-04-14 09:15:39,604 - INFO - epoch[14/15], train_loss:0.004,train_acc:99.99
2023-04-14 09:15:39,604 - INFO - epoch[14/15], train_loss:0.004,train_acc:99.99
2023-04-14 09:15:41,524 - INFO - epoch[15/15], train_loss:0.003,train_acc:100.00, val_total:13821, val_correct:13443, val_acc:97.27
2023-04-14 09:15:41,524 - INFO - epoch[15/15], train_loss:0.003,train_acc:100.00, val_total:13821, val_correct:13443, val_acc:97.27
2023-04-14 09:15:41,524 - INFO - epoch[15/15], train_loss:0.003,train_acc:100.00, val_total:13821, val_correct:13443, val_acc:97.27
2023-04-14 09:15:41,524 - INFO - epoch[15/15], train_loss:0.003,train_acc:100.00, val_total:13821, val_correct:13443, val_acc:97.27
2023-04-14 09:15:41,524 - INFO - epoch[15/15], train_loss:0.003,train_acc:100.00, val_total:13821, val_correct:13443, val_acc:97.27
2023-04-14 09:15:41,524 - INFO - epoch[15/15], train_loss:0.003,train_acc:100.00, val_total:13821, val_correct:13443, val_acc:97.27
2023-04-14 09:15:41,524 - INFO - epoch[15/15], train_loss:0.003,train_acc:100.00, val_total:13821, val_correct:13443, val_acc:97.27
2023-04-14 09:15:41,524 - INFO - epoch[15/15], train_loss:0.003,train_acc:100.00, val_total:13821, val_correct:13443, val_acc:97.27
2023-04-14 09:15:41,524 - INFO - epoch[15/15], train_loss:0.003,train_acc:100.00, val_total:13821, val_correct:13443, val_acc:97.27
2023-04-14 09:15:41,524 - INFO - epoch[15/15], train_loss:0.003,train_acc:100.00, val_total:13821, val_correct:13443, val_acc:97.27
2023-04-14 09:15:41,524 - INFO - epoch[15/15], train_loss:0.003,train_acc:100.00, val_total:13821, val_correct:13443, val_acc:97.27
2023-04-14 09:15:41,524 - INFO - epoch[15/15], train_loss:0.003,train_acc:100.00, val_total:13821, val_correct:13443, val_acc:97.27
2023-04-14 09:15:41,524 - INFO - epoch[15/15], train_loss:0.003,train_acc:100.00, val_total:13821, val_correct:13443, val_acc:97.27
2023-04-14 09:15:41,524 - INFO - epoch[15/15], train_loss:0.003,train_acc:100.00, val_total:13821, val_correct:13443, val_acc:97.27
2023-04-14 09:15:41,524 - INFO - epoch[15/15], train_loss:0.003,train_acc:100.00, val_total:13821, val_correct:13443, val_acc:97.27
2023-04-14 09:15:41,524 - INFO - epoch[15/15], train_loss:0.003,train_acc:100.00, val_total:13821, val_correct:13443, val_acc:97.27
2023-05-17 17:18:37,585 - INFO - 
        +-------------------------------------------------------+
        |                 模型设置以及代码运行环境                  |
        |=======================================================|
        |Optimizer: SGD         lr: 0.001       Device: cuda:0  |
        |-------------------------------------------------------|
        |Loss Function:CrossEntropyLoss      Max_Epoch:15       |
        |=======================================================|
        |2023-05-17 17:18:37.579560                             |
        +-------------------------------------------------------+
            
2023-05-17 17:19:22,706 - INFO - 
        +-------------------------------------------------------+
        |                 模型设置以及代码运行环境                  |
        |=======================================================|
        |Optimizer: SGD         lr: 0.001       Device: cuda:0  |
        |-------------------------------------------------------|
        |Loss Function:CrossEntropyLoss      Max_Epoch:15       |
        |=======================================================|
        |2023-05-17 17:19:22.705897                             |
        +-------------------------------------------------------+
            
2023-05-17 17:19:26,278 - INFO - epoch[1/15], train_loss:0.442,train_acc:90.35
2023-05-17 17:19:26,278 - INFO - epoch[1/15], train_loss:0.442,train_acc:90.35
2023-05-17 17:19:27,736 - INFO - epoch[2/15], train_loss:0.122,train_acc:96.35
2023-05-17 17:19:27,736 - INFO - epoch[2/15], train_loss:0.122,train_acc:96.35
2023-05-17 17:19:27,736 - INFO - epoch[2/15], train_loss:0.122,train_acc:96.35
2023-05-17 17:19:29,461 - INFO - epoch[3/15], train_loss:0.074,train_acc:97.80, val_total:13821, val_correct:13282, val_acc:96.10
2023-05-17 17:19:29,461 - INFO - epoch[3/15], train_loss:0.074,train_acc:97.80, val_total:13821, val_correct:13282, val_acc:96.10
2023-05-17 17:19:29,461 - INFO - epoch[3/15], train_loss:0.074,train_acc:97.80, val_total:13821, val_correct:13282, val_acc:96.10
2023-05-17 17:19:29,461 - INFO - epoch[3/15], train_loss:0.074,train_acc:97.80, val_total:13821, val_correct:13282, val_acc:96.10
2023-05-17 17:19:30,897 - INFO - epoch[4/15], train_loss:0.049,train_acc:98.65
2023-05-17 17:19:30,897 - INFO - epoch[4/15], train_loss:0.049,train_acc:98.65
2023-05-17 17:19:30,897 - INFO - epoch[4/15], train_loss:0.049,train_acc:98.65
2023-05-17 17:19:30,897 - INFO - epoch[4/15], train_loss:0.049,train_acc:98.65
2023-05-17 17:19:30,897 - INFO - epoch[4/15], train_loss:0.049,train_acc:98.65
2023-05-17 17:19:32,341 - INFO - epoch[5/15], train_loss:0.033,train_acc:99.26
2023-05-17 17:19:32,341 - INFO - epoch[5/15], train_loss:0.033,train_acc:99.26
2023-05-17 17:19:32,341 - INFO - epoch[5/15], train_loss:0.033,train_acc:99.26
2023-05-17 17:19:32,341 - INFO - epoch[5/15], train_loss:0.033,train_acc:99.26
2023-05-17 17:19:32,341 - INFO - epoch[5/15], train_loss:0.033,train_acc:99.26
2023-05-17 17:19:32,341 - INFO - epoch[5/15], train_loss:0.033,train_acc:99.26
2023-05-17 17:19:34,092 - INFO - epoch[6/15], train_loss:0.023,train_acc:99.55, val_total:13821, val_correct:13395, val_acc:96.92
2023-05-17 17:19:34,092 - INFO - epoch[6/15], train_loss:0.023,train_acc:99.55, val_total:13821, val_correct:13395, val_acc:96.92
2023-05-17 17:19:34,092 - INFO - epoch[6/15], train_loss:0.023,train_acc:99.55, val_total:13821, val_correct:13395, val_acc:96.92
2023-05-17 17:19:34,092 - INFO - epoch[6/15], train_loss:0.023,train_acc:99.55, val_total:13821, val_correct:13395, val_acc:96.92
2023-05-17 17:19:34,092 - INFO - epoch[6/15], train_loss:0.023,train_acc:99.55, val_total:13821, val_correct:13395, val_acc:96.92
2023-05-17 17:19:34,092 - INFO - epoch[6/15], train_loss:0.023,train_acc:99.55, val_total:13821, val_correct:13395, val_acc:96.92
2023-05-17 17:19:34,092 - INFO - epoch[6/15], train_loss:0.023,train_acc:99.55, val_total:13821, val_correct:13395, val_acc:96.92
2023-05-17 17:19:35,554 - INFO - epoch[7/15], train_loss:0.017,train_acc:99.75
2023-05-17 17:19:35,554 - INFO - epoch[7/15], train_loss:0.017,train_acc:99.75
2023-05-17 17:19:35,554 - INFO - epoch[7/15], train_loss:0.017,train_acc:99.75
2023-05-17 17:19:35,554 - INFO - epoch[7/15], train_loss:0.017,train_acc:99.75
2023-05-17 17:19:35,554 - INFO - epoch[7/15], train_loss:0.017,train_acc:99.75
2023-05-17 17:19:35,554 - INFO - epoch[7/15], train_loss:0.017,train_acc:99.75
2023-05-17 17:19:35,554 - INFO - epoch[7/15], train_loss:0.017,train_acc:99.75
2023-05-17 17:19:35,554 - INFO - epoch[7/15], train_loss:0.017,train_acc:99.75
2023-05-17 17:19:37,008 - INFO - epoch[8/15], train_loss:0.013,train_acc:99.86
2023-05-17 17:19:37,008 - INFO - epoch[8/15], train_loss:0.013,train_acc:99.86
2023-05-17 17:19:37,008 - INFO - epoch[8/15], train_loss:0.013,train_acc:99.86
2023-05-17 17:19:37,008 - INFO - epoch[8/15], train_loss:0.013,train_acc:99.86
2023-05-17 17:19:37,008 - INFO - epoch[8/15], train_loss:0.013,train_acc:99.86
2023-05-17 17:19:37,008 - INFO - epoch[8/15], train_loss:0.013,train_acc:99.86
2023-05-17 17:19:37,008 - INFO - epoch[8/15], train_loss:0.013,train_acc:99.86
2023-05-17 17:19:37,008 - INFO - epoch[8/15], train_loss:0.013,train_acc:99.86
2023-05-17 17:19:37,008 - INFO - epoch[8/15], train_loss:0.013,train_acc:99.86
2023-05-17 17:19:38,754 - INFO - epoch[9/15], train_loss:0.010,train_acc:99.93, val_total:13821, val_correct:13425, val_acc:97.13
2023-05-17 17:19:38,754 - INFO - epoch[9/15], train_loss:0.010,train_acc:99.93, val_total:13821, val_correct:13425, val_acc:97.13
2023-05-17 17:19:38,754 - INFO - epoch[9/15], train_loss:0.010,train_acc:99.93, val_total:13821, val_correct:13425, val_acc:97.13
2023-05-17 17:19:38,754 - INFO - epoch[9/15], train_loss:0.010,train_acc:99.93, val_total:13821, val_correct:13425, val_acc:97.13
2023-05-17 17:19:38,754 - INFO - epoch[9/15], train_loss:0.010,train_acc:99.93, val_total:13821, val_correct:13425, val_acc:97.13
2023-05-17 17:19:38,754 - INFO - epoch[9/15], train_loss:0.010,train_acc:99.93, val_total:13821, val_correct:13425, val_acc:97.13
2023-05-17 17:19:38,754 - INFO - epoch[9/15], train_loss:0.010,train_acc:99.93, val_total:13821, val_correct:13425, val_acc:97.13
2023-05-17 17:19:38,754 - INFO - epoch[9/15], train_loss:0.010,train_acc:99.93, val_total:13821, val_correct:13425, val_acc:97.13
2023-05-17 17:19:38,754 - INFO - epoch[9/15], train_loss:0.010,train_acc:99.93, val_total:13821, val_correct:13425, val_acc:97.13
2023-05-17 17:19:38,754 - INFO - epoch[9/15], train_loss:0.010,train_acc:99.93, val_total:13821, val_correct:13425, val_acc:97.13
2023-05-17 17:19:40,272 - INFO - epoch[10/15], train_loss:0.008,train_acc:99.97
2023-05-17 17:19:40,272 - INFO - epoch[10/15], train_loss:0.008,train_acc:99.97
2023-05-17 17:19:40,272 - INFO - epoch[10/15], train_loss:0.008,train_acc:99.97
2023-05-17 17:19:40,272 - INFO - epoch[10/15], train_loss:0.008,train_acc:99.97
2023-05-17 17:19:40,272 - INFO - epoch[10/15], train_loss:0.008,train_acc:99.97
2023-05-17 17:19:40,272 - INFO - epoch[10/15], train_loss:0.008,train_acc:99.97
2023-05-17 17:19:40,272 - INFO - epoch[10/15], train_loss:0.008,train_acc:99.97
2023-05-17 17:19:40,272 - INFO - epoch[10/15], train_loss:0.008,train_acc:99.97
2023-05-17 17:19:40,272 - INFO - epoch[10/15], train_loss:0.008,train_acc:99.97
2023-05-17 17:19:40,272 - INFO - epoch[10/15], train_loss:0.008,train_acc:99.97
2023-05-17 17:19:40,272 - INFO - epoch[10/15], train_loss:0.008,train_acc:99.97
2023-05-17 17:19:41,779 - INFO - epoch[11/15], train_loss:0.006,train_acc:99.98
2023-05-17 17:19:41,779 - INFO - epoch[11/15], train_loss:0.006,train_acc:99.98
2023-05-17 17:19:41,779 - INFO - epoch[11/15], train_loss:0.006,train_acc:99.98
2023-05-17 17:19:41,779 - INFO - epoch[11/15], train_loss:0.006,train_acc:99.98
2023-05-17 17:19:41,779 - INFO - epoch[11/15], train_loss:0.006,train_acc:99.98
2023-05-17 17:19:41,779 - INFO - epoch[11/15], train_loss:0.006,train_acc:99.98
2023-05-17 17:19:41,779 - INFO - epoch[11/15], train_loss:0.006,train_acc:99.98
2023-05-17 17:19:41,779 - INFO - epoch[11/15], train_loss:0.006,train_acc:99.98
2023-05-17 17:19:41,779 - INFO - epoch[11/15], train_loss:0.006,train_acc:99.98
2023-05-17 17:19:41,779 - INFO - epoch[11/15], train_loss:0.006,train_acc:99.98
2023-05-17 17:19:41,779 - INFO - epoch[11/15], train_loss:0.006,train_acc:99.98
2023-05-17 17:19:41,779 - INFO - epoch[11/15], train_loss:0.006,train_acc:99.98
2023-05-17 17:19:43,569 - INFO - epoch[12/15], train_loss:0.005,train_acc:99.99, val_total:13821, val_correct:13437, val_acc:97.22
2023-05-17 17:19:43,569 - INFO - epoch[12/15], train_loss:0.005,train_acc:99.99, val_total:13821, val_correct:13437, val_acc:97.22
2023-05-17 17:19:43,569 - INFO - epoch[12/15], train_loss:0.005,train_acc:99.99, val_total:13821, val_correct:13437, val_acc:97.22
2023-05-17 17:19:43,569 - INFO - epoch[12/15], train_loss:0.005,train_acc:99.99, val_total:13821, val_correct:13437, val_acc:97.22
2023-05-17 17:19:43,569 - INFO - epoch[12/15], train_loss:0.005,train_acc:99.99, val_total:13821, val_correct:13437, val_acc:97.22
2023-05-17 17:19:43,569 - INFO - epoch[12/15], train_loss:0.005,train_acc:99.99, val_total:13821, val_correct:13437, val_acc:97.22
2023-05-17 17:19:43,569 - INFO - epoch[12/15], train_loss:0.005,train_acc:99.99, val_total:13821, val_correct:13437, val_acc:97.22
2023-05-17 17:19:43,569 - INFO - epoch[12/15], train_loss:0.005,train_acc:99.99, val_total:13821, val_correct:13437, val_acc:97.22
2023-05-17 17:19:43,569 - INFO - epoch[12/15], train_loss:0.005,train_acc:99.99, val_total:13821, val_correct:13437, val_acc:97.22
2023-05-17 17:19:43,569 - INFO - epoch[12/15], train_loss:0.005,train_acc:99.99, val_total:13821, val_correct:13437, val_acc:97.22
2023-05-17 17:19:43,569 - INFO - epoch[12/15], train_loss:0.005,train_acc:99.99, val_total:13821, val_correct:13437, val_acc:97.22
2023-05-17 17:19:43,569 - INFO - epoch[12/15], train_loss:0.005,train_acc:99.99, val_total:13821, val_correct:13437, val_acc:97.22
2023-05-17 17:19:43,569 - INFO - epoch[12/15], train_loss:0.005,train_acc:99.99, val_total:13821, val_correct:13437, val_acc:97.22
2023-05-17 17:19:45,127 - INFO - epoch[13/15], train_loss:0.005,train_acc:99.99
2023-05-17 17:19:45,127 - INFO - epoch[13/15], train_loss:0.005,train_acc:99.99
2023-05-17 17:19:45,127 - INFO - epoch[13/15], train_loss:0.005,train_acc:99.99
2023-05-17 17:19:45,127 - INFO - epoch[13/15], train_loss:0.005,train_acc:99.99
2023-05-17 17:19:45,127 - INFO - epoch[13/15], train_loss:0.005,train_acc:99.99
2023-05-17 17:19:45,127 - INFO - epoch[13/15], train_loss:0.005,train_acc:99.99
2023-05-17 17:19:45,127 - INFO - epoch[13/15], train_loss:0.005,train_acc:99.99
2023-05-17 17:19:45,127 - INFO - epoch[13/15], train_loss:0.005,train_acc:99.99
2023-05-17 17:19:45,127 - INFO - epoch[13/15], train_loss:0.005,train_acc:99.99
2023-05-17 17:19:45,127 - INFO - epoch[13/15], train_loss:0.005,train_acc:99.99
2023-05-17 17:19:45,127 - INFO - epoch[13/15], train_loss:0.005,train_acc:99.99
2023-05-17 17:19:45,127 - INFO - epoch[13/15], train_loss:0.005,train_acc:99.99
2023-05-17 17:19:45,127 - INFO - epoch[13/15], train_loss:0.005,train_acc:99.99
2023-05-17 17:19:45,127 - INFO - epoch[13/15], train_loss:0.005,train_acc:99.99
2023-05-17 17:19:46,628 - INFO - epoch[14/15], train_loss:0.004,train_acc:99.99
2023-05-17 17:19:46,628 - INFO - epoch[14/15], train_loss:0.004,train_acc:99.99
2023-05-17 17:19:46,628 - INFO - epoch[14/15], train_loss:0.004,train_acc:99.99
2023-05-17 17:19:46,628 - INFO - epoch[14/15], train_loss:0.004,train_acc:99.99
2023-05-17 17:19:46,628 - INFO - epoch[14/15], train_loss:0.004,train_acc:99.99
2023-05-17 17:19:46,628 - INFO - epoch[14/15], train_loss:0.004,train_acc:99.99
2023-05-17 17:19:46,628 - INFO - epoch[14/15], train_loss:0.004,train_acc:99.99
2023-05-17 17:19:46,628 - INFO - epoch[14/15], train_loss:0.004,train_acc:99.99
2023-05-17 17:19:46,628 - INFO - epoch[14/15], train_loss:0.004,train_acc:99.99
2023-05-17 17:19:46,628 - INFO - epoch[14/15], train_loss:0.004,train_acc:99.99
2023-05-17 17:19:46,628 - INFO - epoch[14/15], train_loss:0.004,train_acc:99.99
2023-05-17 17:19:46,628 - INFO - epoch[14/15], train_loss:0.004,train_acc:99.99
2023-05-17 17:19:46,628 - INFO - epoch[14/15], train_loss:0.004,train_acc:99.99
2023-05-17 17:19:46,628 - INFO - epoch[14/15], train_loss:0.004,train_acc:99.99
2023-05-17 17:19:46,628 - INFO - epoch[14/15], train_loss:0.004,train_acc:99.99
2023-05-17 17:19:48,410 - INFO - epoch[15/15], train_loss:0.004,train_acc:99.99, val_total:13821, val_correct:13446, val_acc:97.29
2023-05-17 17:19:48,410 - INFO - epoch[15/15], train_loss:0.004,train_acc:99.99, val_total:13821, val_correct:13446, val_acc:97.29
2023-05-17 17:19:48,410 - INFO - epoch[15/15], train_loss:0.004,train_acc:99.99, val_total:13821, val_correct:13446, val_acc:97.29
2023-05-17 17:19:48,410 - INFO - epoch[15/15], train_loss:0.004,train_acc:99.99, val_total:13821, val_correct:13446, val_acc:97.29
2023-05-17 17:19:48,410 - INFO - epoch[15/15], train_loss:0.004,train_acc:99.99, val_total:13821, val_correct:13446, val_acc:97.29
2023-05-17 17:19:48,410 - INFO - epoch[15/15], train_loss:0.004,train_acc:99.99, val_total:13821, val_correct:13446, val_acc:97.29
2023-05-17 17:19:48,410 - INFO - epoch[15/15], train_loss:0.004,train_acc:99.99, val_total:13821, val_correct:13446, val_acc:97.29
2023-05-17 17:19:48,410 - INFO - epoch[15/15], train_loss:0.004,train_acc:99.99, val_total:13821, val_correct:13446, val_acc:97.29
2023-05-17 17:19:48,410 - INFO - epoch[15/15], train_loss:0.004,train_acc:99.99, val_total:13821, val_correct:13446, val_acc:97.29
2023-05-17 17:19:48,410 - INFO - epoch[15/15], train_loss:0.004,train_acc:99.99, val_total:13821, val_correct:13446, val_acc:97.29
2023-05-17 17:19:48,410 - INFO - epoch[15/15], train_loss:0.004,train_acc:99.99, val_total:13821, val_correct:13446, val_acc:97.29
2023-05-17 17:19:48,410 - INFO - epoch[15/15], train_loss:0.004,train_acc:99.99, val_total:13821, val_correct:13446, val_acc:97.29
2023-05-17 17:19:48,410 - INFO - epoch[15/15], train_loss:0.004,train_acc:99.99, val_total:13821, val_correct:13446, val_acc:97.29
2023-05-17 17:19:48,410 - INFO - epoch[15/15], train_loss:0.004,train_acc:99.99, val_total:13821, val_correct:13446, val_acc:97.29
2023-05-17 17:19:48,410 - INFO - epoch[15/15], train_loss:0.004,train_acc:99.99, val_total:13821, val_correct:13446, val_acc:97.29
2023-05-17 17:19:48,410 - INFO - epoch[15/15], train_loss:0.004,train_acc:99.99, val_total:13821, val_correct:13446, val_acc:97.29
