2023-03-13 10:29:19,608 - INFO - 
        +-------------------------------------------------------+
        |                 模型设置以及代码运行环境                  |
        |=======================================================|
        |Optimizer: Adadelta    lr: 0.001       Device: cuda:0  |
        |-------------------------------------------------------|
        |Loss Function:CrossEntropyLoss      Max_Epoch:15       |
        |=======================================================|
        |2023-03-13 10:29:19.606189                             |
        +-------------------------------------------------------+
            
2023-03-13 10:29:24,587 - INFO - epoch[1/15], train_loss:2.186,train_acc:59.47
2023-03-13 10:29:24,587 - INFO - epoch[1/15], train_loss:2.186,train_acc:59.47
2023-03-13 10:29:27,309 - INFO - epoch[2/15], train_loss:0.602,train_acc:84.31
2023-03-13 10:29:27,309 - INFO - epoch[2/15], train_loss:0.602,train_acc:84.31
2023-03-13 10:29:27,309 - INFO - epoch[2/15], train_loss:0.602,train_acc:84.31
2023-03-13 10:29:30,250 - INFO - epoch[3/15], train_loss:0.425,train_acc:88.75, val_total:13821, val_correct:12252, val_acc:88.65
2023-03-13 10:29:30,250 - INFO - epoch[3/15], train_loss:0.425,train_acc:88.75, val_total:13821, val_correct:12252, val_acc:88.65
2023-03-13 10:29:30,250 - INFO - epoch[3/15], train_loss:0.425,train_acc:88.75, val_total:13821, val_correct:12252, val_acc:88.65
2023-03-13 10:29:30,250 - INFO - epoch[3/15], train_loss:0.425,train_acc:88.75, val_total:13821, val_correct:12252, val_acc:88.65
2023-03-13 10:29:32,806 - INFO - epoch[4/15], train_loss:0.340,train_acc:90.98
2023-03-13 10:29:32,806 - INFO - epoch[4/15], train_loss:0.340,train_acc:90.98
2023-03-13 10:29:32,806 - INFO - epoch[4/15], train_loss:0.340,train_acc:90.98
2023-03-13 10:29:32,806 - INFO - epoch[4/15], train_loss:0.340,train_acc:90.98
2023-03-13 10:29:32,806 - INFO - epoch[4/15], train_loss:0.340,train_acc:90.98
2023-03-13 10:29:35,336 - INFO - epoch[5/15], train_loss:0.286,train_acc:92.40
2023-03-13 10:29:35,336 - INFO - epoch[5/15], train_loss:0.286,train_acc:92.40
2023-03-13 10:29:35,336 - INFO - epoch[5/15], train_loss:0.286,train_acc:92.40
2023-03-13 10:29:35,336 - INFO - epoch[5/15], train_loss:0.286,train_acc:92.40
2023-03-13 10:29:35,336 - INFO - epoch[5/15], train_loss:0.286,train_acc:92.40
2023-03-13 10:29:35,336 - INFO - epoch[5/15], train_loss:0.286,train_acc:92.40
2023-03-13 10:29:38,202 - INFO - epoch[6/15], train_loss:0.248,train_acc:93.40, val_total:13821, val_correct:12660, val_acc:91.60
2023-03-13 10:29:38,202 - INFO - epoch[6/15], train_loss:0.248,train_acc:93.40, val_total:13821, val_correct:12660, val_acc:91.60
2023-03-13 10:29:38,202 - INFO - epoch[6/15], train_loss:0.248,train_acc:93.40, val_total:13821, val_correct:12660, val_acc:91.60
2023-03-13 10:29:38,202 - INFO - epoch[6/15], train_loss:0.248,train_acc:93.40, val_total:13821, val_correct:12660, val_acc:91.60
2023-03-13 10:29:38,202 - INFO - epoch[6/15], train_loss:0.248,train_acc:93.40, val_total:13821, val_correct:12660, val_acc:91.60
2023-03-13 10:29:38,202 - INFO - epoch[6/15], train_loss:0.248,train_acc:93.40, val_total:13821, val_correct:12660, val_acc:91.60
2023-03-13 10:29:38,202 - INFO - epoch[6/15], train_loss:0.248,train_acc:93.40, val_total:13821, val_correct:12660, val_acc:91.60
2023-03-13 10:29:40,807 - INFO - epoch[7/15], train_loss:0.219,train_acc:94.10
2023-03-13 10:29:40,807 - INFO - epoch[7/15], train_loss:0.219,train_acc:94.10
2023-03-13 10:29:40,807 - INFO - epoch[7/15], train_loss:0.219,train_acc:94.10
2023-03-13 10:29:40,807 - INFO - epoch[7/15], train_loss:0.219,train_acc:94.10
2023-03-13 10:29:40,807 - INFO - epoch[7/15], train_loss:0.219,train_acc:94.10
2023-03-13 10:29:40,807 - INFO - epoch[7/15], train_loss:0.219,train_acc:94.10
2023-03-13 10:29:40,807 - INFO - epoch[7/15], train_loss:0.219,train_acc:94.10
2023-03-13 10:29:40,807 - INFO - epoch[7/15], train_loss:0.219,train_acc:94.10
2023-03-13 10:29:43,418 - INFO - epoch[8/15], train_loss:0.196,train_acc:94.68
2023-03-13 10:29:43,418 - INFO - epoch[8/15], train_loss:0.196,train_acc:94.68
2023-03-13 10:29:43,418 - INFO - epoch[8/15], train_loss:0.196,train_acc:94.68
2023-03-13 10:29:43,418 - INFO - epoch[8/15], train_loss:0.196,train_acc:94.68
2023-03-13 10:29:43,418 - INFO - epoch[8/15], train_loss:0.196,train_acc:94.68
2023-03-13 10:29:43,418 - INFO - epoch[8/15], train_loss:0.196,train_acc:94.68
2023-03-13 10:29:43,418 - INFO - epoch[8/15], train_loss:0.196,train_acc:94.68
2023-03-13 10:29:43,418 - INFO - epoch[8/15], train_loss:0.196,train_acc:94.68
2023-03-13 10:29:43,418 - INFO - epoch[8/15], train_loss:0.196,train_acc:94.68
2023-03-13 10:29:46,630 - INFO - epoch[9/15], train_loss:0.177,train_acc:95.23, val_total:13821, val_correct:12864, val_acc:93.08
2023-03-13 10:29:46,630 - INFO - epoch[9/15], train_loss:0.177,train_acc:95.23, val_total:13821, val_correct:12864, val_acc:93.08
2023-03-13 10:29:46,630 - INFO - epoch[9/15], train_loss:0.177,train_acc:95.23, val_total:13821, val_correct:12864, val_acc:93.08
2023-03-13 10:29:46,630 - INFO - epoch[9/15], train_loss:0.177,train_acc:95.23, val_total:13821, val_correct:12864, val_acc:93.08
2023-03-13 10:29:46,630 - INFO - epoch[9/15], train_loss:0.177,train_acc:95.23, val_total:13821, val_correct:12864, val_acc:93.08
2023-03-13 10:29:46,630 - INFO - epoch[9/15], train_loss:0.177,train_acc:95.23, val_total:13821, val_correct:12864, val_acc:93.08
2023-03-13 10:29:46,630 - INFO - epoch[9/15], train_loss:0.177,train_acc:95.23, val_total:13821, val_correct:12864, val_acc:93.08
2023-03-13 10:29:46,630 - INFO - epoch[9/15], train_loss:0.177,train_acc:95.23, val_total:13821, val_correct:12864, val_acc:93.08
2023-03-13 10:29:46,630 - INFO - epoch[9/15], train_loss:0.177,train_acc:95.23, val_total:13821, val_correct:12864, val_acc:93.08
2023-03-13 10:29:46,630 - INFO - epoch[9/15], train_loss:0.177,train_acc:95.23, val_total:13821, val_correct:12864, val_acc:93.08
2023-03-13 10:29:49,300 - INFO - epoch[10/15], train_loss:0.160,train_acc:95.71
2023-03-13 10:29:49,300 - INFO - epoch[10/15], train_loss:0.160,train_acc:95.71
2023-03-13 10:29:49,300 - INFO - epoch[10/15], train_loss:0.160,train_acc:95.71
2023-03-13 10:29:49,300 - INFO - epoch[10/15], train_loss:0.160,train_acc:95.71
2023-03-13 10:29:49,300 - INFO - epoch[10/15], train_loss:0.160,train_acc:95.71
2023-03-13 10:29:49,300 - INFO - epoch[10/15], train_loss:0.160,train_acc:95.71
2023-03-13 10:29:49,300 - INFO - epoch[10/15], train_loss:0.160,train_acc:95.71
2023-03-13 10:29:49,300 - INFO - epoch[10/15], train_loss:0.160,train_acc:95.71
2023-03-13 10:29:49,300 - INFO - epoch[10/15], train_loss:0.160,train_acc:95.71
2023-03-13 10:29:49,300 - INFO - epoch[10/15], train_loss:0.160,train_acc:95.71
2023-03-13 10:29:49,300 - INFO - epoch[10/15], train_loss:0.160,train_acc:95.71
2023-03-13 10:29:51,903 - INFO - epoch[11/15], train_loss:0.147,train_acc:96.03
2023-03-13 10:29:51,903 - INFO - epoch[11/15], train_loss:0.147,train_acc:96.03
2023-03-13 10:29:51,903 - INFO - epoch[11/15], train_loss:0.147,train_acc:96.03
2023-03-13 10:29:51,903 - INFO - epoch[11/15], train_loss:0.147,train_acc:96.03
2023-03-13 10:29:51,903 - INFO - epoch[11/15], train_loss:0.147,train_acc:96.03
2023-03-13 10:29:51,903 - INFO - epoch[11/15], train_loss:0.147,train_acc:96.03
2023-03-13 10:29:51,903 - INFO - epoch[11/15], train_loss:0.147,train_acc:96.03
2023-03-13 10:29:51,903 - INFO - epoch[11/15], train_loss:0.147,train_acc:96.03
2023-03-13 10:29:51,903 - INFO - epoch[11/15], train_loss:0.147,train_acc:96.03
2023-03-13 10:29:51,903 - INFO - epoch[11/15], train_loss:0.147,train_acc:96.03
2023-03-13 10:29:51,903 - INFO - epoch[11/15], train_loss:0.147,train_acc:96.03
2023-03-13 10:29:51,903 - INFO - epoch[11/15], train_loss:0.147,train_acc:96.03
2023-03-13 10:29:55,004 - INFO - epoch[12/15], train_loss:0.135,train_acc:96.41, val_total:13821, val_correct:12970, val_acc:93.84
2023-03-13 10:29:55,004 - INFO - epoch[12/15], train_loss:0.135,train_acc:96.41, val_total:13821, val_correct:12970, val_acc:93.84
2023-03-13 10:29:55,004 - INFO - epoch[12/15], train_loss:0.135,train_acc:96.41, val_total:13821, val_correct:12970, val_acc:93.84
2023-03-13 10:29:55,004 - INFO - epoch[12/15], train_loss:0.135,train_acc:96.41, val_total:13821, val_correct:12970, val_acc:93.84
2023-03-13 10:29:55,004 - INFO - epoch[12/15], train_loss:0.135,train_acc:96.41, val_total:13821, val_correct:12970, val_acc:93.84
2023-03-13 10:29:55,004 - INFO - epoch[12/15], train_loss:0.135,train_acc:96.41, val_total:13821, val_correct:12970, val_acc:93.84
2023-03-13 10:29:55,004 - INFO - epoch[12/15], train_loss:0.135,train_acc:96.41, val_total:13821, val_correct:12970, val_acc:93.84
2023-03-13 10:29:55,004 - INFO - epoch[12/15], train_loss:0.135,train_acc:96.41, val_total:13821, val_correct:12970, val_acc:93.84
2023-03-13 10:29:55,004 - INFO - epoch[12/15], train_loss:0.135,train_acc:96.41, val_total:13821, val_correct:12970, val_acc:93.84
2023-03-13 10:29:55,004 - INFO - epoch[12/15], train_loss:0.135,train_acc:96.41, val_total:13821, val_correct:12970, val_acc:93.84
2023-03-13 10:29:55,004 - INFO - epoch[12/15], train_loss:0.135,train_acc:96.41, val_total:13821, val_correct:12970, val_acc:93.84
2023-03-13 10:29:55,004 - INFO - epoch[12/15], train_loss:0.135,train_acc:96.41, val_total:13821, val_correct:12970, val_acc:93.84
2023-03-13 10:29:55,004 - INFO - epoch[12/15], train_loss:0.135,train_acc:96.41, val_total:13821, val_correct:12970, val_acc:93.84
2023-03-13 10:29:57,585 - INFO - epoch[13/15], train_loss:0.124,train_acc:96.68
2023-03-13 10:29:57,585 - INFO - epoch[13/15], train_loss:0.124,train_acc:96.68
2023-03-13 10:29:57,585 - INFO - epoch[13/15], train_loss:0.124,train_acc:96.68
2023-03-13 10:29:57,585 - INFO - epoch[13/15], train_loss:0.124,train_acc:96.68
2023-03-13 10:29:57,585 - INFO - epoch[13/15], train_loss:0.124,train_acc:96.68
2023-03-13 10:29:57,585 - INFO - epoch[13/15], train_loss:0.124,train_acc:96.68
2023-03-13 10:29:57,585 - INFO - epoch[13/15], train_loss:0.124,train_acc:96.68
2023-03-13 10:29:57,585 - INFO - epoch[13/15], train_loss:0.124,train_acc:96.68
2023-03-13 10:29:57,585 - INFO - epoch[13/15], train_loss:0.124,train_acc:96.68
2023-03-13 10:29:57,585 - INFO - epoch[13/15], train_loss:0.124,train_acc:96.68
2023-03-13 10:29:57,585 - INFO - epoch[13/15], train_loss:0.124,train_acc:96.68
2023-03-13 10:29:57,585 - INFO - epoch[13/15], train_loss:0.124,train_acc:96.68
2023-03-13 10:29:57,585 - INFO - epoch[13/15], train_loss:0.124,train_acc:96.68
2023-03-13 10:29:57,585 - INFO - epoch[13/15], train_loss:0.124,train_acc:96.68
2023-03-13 10:30:00,142 - INFO - epoch[14/15], train_loss:0.114,train_acc:96.94
2023-03-13 10:30:00,142 - INFO - epoch[14/15], train_loss:0.114,train_acc:96.94
2023-03-13 10:30:00,142 - INFO - epoch[14/15], train_loss:0.114,train_acc:96.94
2023-03-13 10:30:00,142 - INFO - epoch[14/15], train_loss:0.114,train_acc:96.94
2023-03-13 10:30:00,142 - INFO - epoch[14/15], train_loss:0.114,train_acc:96.94
2023-03-13 10:30:00,142 - INFO - epoch[14/15], train_loss:0.114,train_acc:96.94
2023-03-13 10:30:00,142 - INFO - epoch[14/15], train_loss:0.114,train_acc:96.94
2023-03-13 10:30:00,142 - INFO - epoch[14/15], train_loss:0.114,train_acc:96.94
2023-03-13 10:30:00,142 - INFO - epoch[14/15], train_loss:0.114,train_acc:96.94
2023-03-13 10:30:00,142 - INFO - epoch[14/15], train_loss:0.114,train_acc:96.94
2023-03-13 10:30:00,142 - INFO - epoch[14/15], train_loss:0.114,train_acc:96.94
2023-03-13 10:30:00,142 - INFO - epoch[14/15], train_loss:0.114,train_acc:96.94
2023-03-13 10:30:00,142 - INFO - epoch[14/15], train_loss:0.114,train_acc:96.94
2023-03-13 10:30:00,142 - INFO - epoch[14/15], train_loss:0.114,train_acc:96.94
2023-03-13 10:30:00,142 - INFO - epoch[14/15], train_loss:0.114,train_acc:96.94
2023-03-13 10:30:03,346 - INFO - epoch[15/15], train_loss:0.106,train_acc:97.20, val_total:13821, val_correct:13035, val_acc:94.31
2023-03-13 10:30:03,346 - INFO - epoch[15/15], train_loss:0.106,train_acc:97.20, val_total:13821, val_correct:13035, val_acc:94.31
2023-03-13 10:30:03,346 - INFO - epoch[15/15], train_loss:0.106,train_acc:97.20, val_total:13821, val_correct:13035, val_acc:94.31
2023-03-13 10:30:03,346 - INFO - epoch[15/15], train_loss:0.106,train_acc:97.20, val_total:13821, val_correct:13035, val_acc:94.31
2023-03-13 10:30:03,346 - INFO - epoch[15/15], train_loss:0.106,train_acc:97.20, val_total:13821, val_correct:13035, val_acc:94.31
2023-03-13 10:30:03,346 - INFO - epoch[15/15], train_loss:0.106,train_acc:97.20, val_total:13821, val_correct:13035, val_acc:94.31
2023-03-13 10:30:03,346 - INFO - epoch[15/15], train_loss:0.106,train_acc:97.20, val_total:13821, val_correct:13035, val_acc:94.31
2023-03-13 10:30:03,346 - INFO - epoch[15/15], train_loss:0.106,train_acc:97.20, val_total:13821, val_correct:13035, val_acc:94.31
2023-03-13 10:30:03,346 - INFO - epoch[15/15], train_loss:0.106,train_acc:97.20, val_total:13821, val_correct:13035, val_acc:94.31
2023-03-13 10:30:03,346 - INFO - epoch[15/15], train_loss:0.106,train_acc:97.20, val_total:13821, val_correct:13035, val_acc:94.31
2023-03-13 10:30:03,346 - INFO - epoch[15/15], train_loss:0.106,train_acc:97.20, val_total:13821, val_correct:13035, val_acc:94.31
2023-03-13 10:30:03,346 - INFO - epoch[15/15], train_loss:0.106,train_acc:97.20, val_total:13821, val_correct:13035, val_acc:94.31
2023-03-13 10:30:03,346 - INFO - epoch[15/15], train_loss:0.106,train_acc:97.20, val_total:13821, val_correct:13035, val_acc:94.31
2023-03-13 10:30:03,346 - INFO - epoch[15/15], train_loss:0.106,train_acc:97.20, val_total:13821, val_correct:13035, val_acc:94.31
2023-03-13 10:30:03,346 - INFO - epoch[15/15], train_loss:0.106,train_acc:97.20, val_total:13821, val_correct:13035, val_acc:94.31
2023-03-13 10:30:03,346 - INFO - epoch[15/15], train_loss:0.106,train_acc:97.20, val_total:13821, val_correct:13035, val_acc:94.31
