2023-03-13 10:27:58,882 - INFO - 
        +-------------------------------------------------------+
        |                 模型设置以及代码运行环境                  |
        |=======================================================|
        |Optimizer: Adagrad     lr: 0.001       Device: cuda:0  |
        |-------------------------------------------------------|
        |Loss Function:CrossEntropyLoss      Max_Epoch:15       |
        |=======================================================|
        |2023-03-13 10:27:58.878192                             |
        +-------------------------------------------------------+
            
2023-03-13 10:28:01,527 - INFO - epoch[1/15], train_loss:0.410,train_acc:92.12
2023-03-13 10:28:01,527 - INFO - epoch[1/15], train_loss:0.410,train_acc:92.12
2023-03-13 10:28:03,651 - INFO - epoch[2/15], train_loss:0.091,train_acc:97.25
2023-03-13 10:28:03,651 - INFO - epoch[2/15], train_loss:0.091,train_acc:97.25
2023-03-13 10:28:03,651 - INFO - epoch[2/15], train_loss:0.091,train_acc:97.25
2023-03-13 10:28:06,186 - INFO - epoch[3/15], train_loss:0.052,train_acc:98.52, val_total:13821, val_correct:13319, val_acc:96.37
2023-03-13 10:28:06,186 - INFO - epoch[3/15], train_loss:0.052,train_acc:98.52, val_total:13821, val_correct:13319, val_acc:96.37
2023-03-13 10:28:06,186 - INFO - epoch[3/15], train_loss:0.052,train_acc:98.52, val_total:13821, val_correct:13319, val_acc:96.37
2023-03-13 10:28:06,186 - INFO - epoch[3/15], train_loss:0.052,train_acc:98.52, val_total:13821, val_correct:13319, val_acc:96.37
2023-03-13 10:28:08,311 - INFO - epoch[4/15], train_loss:0.033,train_acc:99.21
2023-03-13 10:28:08,311 - INFO - epoch[4/15], train_loss:0.033,train_acc:99.21
2023-03-13 10:28:08,311 - INFO - epoch[4/15], train_loss:0.033,train_acc:99.21
2023-03-13 10:28:08,311 - INFO - epoch[4/15], train_loss:0.033,train_acc:99.21
2023-03-13 10:28:08,311 - INFO - epoch[4/15], train_loss:0.033,train_acc:99.21
2023-03-13 10:28:10,415 - INFO - epoch[5/15], train_loss:0.022,train_acc:99.60
2023-03-13 10:28:10,415 - INFO - epoch[5/15], train_loss:0.022,train_acc:99.60
2023-03-13 10:28:10,415 - INFO - epoch[5/15], train_loss:0.022,train_acc:99.60
2023-03-13 10:28:10,415 - INFO - epoch[5/15], train_loss:0.022,train_acc:99.60
2023-03-13 10:28:10,415 - INFO - epoch[5/15], train_loss:0.022,train_acc:99.60
2023-03-13 10:28:10,415 - INFO - epoch[5/15], train_loss:0.022,train_acc:99.60
2023-03-13 10:28:13,040 - INFO - epoch[6/15], train_loss:0.016,train_acc:99.79, val_total:13821, val_correct:13385, val_acc:96.85
2023-03-13 10:28:13,040 - INFO - epoch[6/15], train_loss:0.016,train_acc:99.79, val_total:13821, val_correct:13385, val_acc:96.85
2023-03-13 10:28:13,040 - INFO - epoch[6/15], train_loss:0.016,train_acc:99.79, val_total:13821, val_correct:13385, val_acc:96.85
2023-03-13 10:28:13,040 - INFO - epoch[6/15], train_loss:0.016,train_acc:99.79, val_total:13821, val_correct:13385, val_acc:96.85
2023-03-13 10:28:13,040 - INFO - epoch[6/15], train_loss:0.016,train_acc:99.79, val_total:13821, val_correct:13385, val_acc:96.85
2023-03-13 10:28:13,040 - INFO - epoch[6/15], train_loss:0.016,train_acc:99.79, val_total:13821, val_correct:13385, val_acc:96.85
2023-03-13 10:28:13,040 - INFO - epoch[6/15], train_loss:0.016,train_acc:99.79, val_total:13821, val_correct:13385, val_acc:96.85
2023-03-13 10:28:15,274 - INFO - epoch[7/15], train_loss:0.012,train_acc:99.89
2023-03-13 10:28:15,274 - INFO - epoch[7/15], train_loss:0.012,train_acc:99.89
2023-03-13 10:28:15,274 - INFO - epoch[7/15], train_loss:0.012,train_acc:99.89
2023-03-13 10:28:15,274 - INFO - epoch[7/15], train_loss:0.012,train_acc:99.89
2023-03-13 10:28:15,274 - INFO - epoch[7/15], train_loss:0.012,train_acc:99.89
2023-03-13 10:28:15,274 - INFO - epoch[7/15], train_loss:0.012,train_acc:99.89
2023-03-13 10:28:15,274 - INFO - epoch[7/15], train_loss:0.012,train_acc:99.89
2023-03-13 10:28:15,274 - INFO - epoch[7/15], train_loss:0.012,train_acc:99.89
2023-03-13 10:28:17,577 - INFO - epoch[8/15], train_loss:0.010,train_acc:99.94
2023-03-13 10:28:17,577 - INFO - epoch[8/15], train_loss:0.010,train_acc:99.94
2023-03-13 10:28:17,577 - INFO - epoch[8/15], train_loss:0.010,train_acc:99.94
2023-03-13 10:28:17,577 - INFO - epoch[8/15], train_loss:0.010,train_acc:99.94
2023-03-13 10:28:17,577 - INFO - epoch[8/15], train_loss:0.010,train_acc:99.94
2023-03-13 10:28:17,577 - INFO - epoch[8/15], train_loss:0.010,train_acc:99.94
2023-03-13 10:28:17,577 - INFO - epoch[8/15], train_loss:0.010,train_acc:99.94
2023-03-13 10:28:17,577 - INFO - epoch[8/15], train_loss:0.010,train_acc:99.94
2023-03-13 10:28:17,577 - INFO - epoch[8/15], train_loss:0.010,train_acc:99.94
2023-03-13 10:28:20,181 - INFO - epoch[9/15], train_loss:0.008,train_acc:99.96, val_total:13821, val_correct:13406, val_acc:97.00
2023-03-13 10:28:20,181 - INFO - epoch[9/15], train_loss:0.008,train_acc:99.96, val_total:13821, val_correct:13406, val_acc:97.00
2023-03-13 10:28:20,181 - INFO - epoch[9/15], train_loss:0.008,train_acc:99.96, val_total:13821, val_correct:13406, val_acc:97.00
2023-03-13 10:28:20,181 - INFO - epoch[9/15], train_loss:0.008,train_acc:99.96, val_total:13821, val_correct:13406, val_acc:97.00
2023-03-13 10:28:20,181 - INFO - epoch[9/15], train_loss:0.008,train_acc:99.96, val_total:13821, val_correct:13406, val_acc:97.00
2023-03-13 10:28:20,181 - INFO - epoch[9/15], train_loss:0.008,train_acc:99.96, val_total:13821, val_correct:13406, val_acc:97.00
2023-03-13 10:28:20,181 - INFO - epoch[9/15], train_loss:0.008,train_acc:99.96, val_total:13821, val_correct:13406, val_acc:97.00
2023-03-13 10:28:20,181 - INFO - epoch[9/15], train_loss:0.008,train_acc:99.96, val_total:13821, val_correct:13406, val_acc:97.00
2023-03-13 10:28:20,181 - INFO - epoch[9/15], train_loss:0.008,train_acc:99.96, val_total:13821, val_correct:13406, val_acc:97.00
2023-03-13 10:28:20,181 - INFO - epoch[9/15], train_loss:0.008,train_acc:99.96, val_total:13821, val_correct:13406, val_acc:97.00
2023-03-13 10:28:22,410 - INFO - epoch[10/15], train_loss:0.007,train_acc:99.98
2023-03-13 10:28:22,410 - INFO - epoch[10/15], train_loss:0.007,train_acc:99.98
2023-03-13 10:28:22,410 - INFO - epoch[10/15], train_loss:0.007,train_acc:99.98
2023-03-13 10:28:22,410 - INFO - epoch[10/15], train_loss:0.007,train_acc:99.98
2023-03-13 10:28:22,410 - INFO - epoch[10/15], train_loss:0.007,train_acc:99.98
2023-03-13 10:28:22,410 - INFO - epoch[10/15], train_loss:0.007,train_acc:99.98
2023-03-13 10:28:22,410 - INFO - epoch[10/15], train_loss:0.007,train_acc:99.98
2023-03-13 10:28:22,410 - INFO - epoch[10/15], train_loss:0.007,train_acc:99.98
2023-03-13 10:28:22,410 - INFO - epoch[10/15], train_loss:0.007,train_acc:99.98
2023-03-13 10:28:22,410 - INFO - epoch[10/15], train_loss:0.007,train_acc:99.98
2023-03-13 10:28:22,410 - INFO - epoch[10/15], train_loss:0.007,train_acc:99.98
2023-03-13 10:28:24,704 - INFO - epoch[11/15], train_loss:0.006,train_acc:99.98
2023-03-13 10:28:24,704 - INFO - epoch[11/15], train_loss:0.006,train_acc:99.98
2023-03-13 10:28:24,704 - INFO - epoch[11/15], train_loss:0.006,train_acc:99.98
2023-03-13 10:28:24,704 - INFO - epoch[11/15], train_loss:0.006,train_acc:99.98
2023-03-13 10:28:24,704 - INFO - epoch[11/15], train_loss:0.006,train_acc:99.98
2023-03-13 10:28:24,704 - INFO - epoch[11/15], train_loss:0.006,train_acc:99.98
2023-03-13 10:28:24,704 - INFO - epoch[11/15], train_loss:0.006,train_acc:99.98
2023-03-13 10:28:24,704 - INFO - epoch[11/15], train_loss:0.006,train_acc:99.98
2023-03-13 10:28:24,704 - INFO - epoch[11/15], train_loss:0.006,train_acc:99.98
2023-03-13 10:28:24,704 - INFO - epoch[11/15], train_loss:0.006,train_acc:99.98
2023-03-13 10:28:24,704 - INFO - epoch[11/15], train_loss:0.006,train_acc:99.98
2023-03-13 10:28:24,704 - INFO - epoch[11/15], train_loss:0.006,train_acc:99.98
2023-03-13 10:28:27,289 - INFO - epoch[12/15], train_loss:0.005,train_acc:99.99, val_total:13821, val_correct:13420, val_acc:97.10
2023-03-13 10:28:27,289 - INFO - epoch[12/15], train_loss:0.005,train_acc:99.99, val_total:13821, val_correct:13420, val_acc:97.10
2023-03-13 10:28:27,289 - INFO - epoch[12/15], train_loss:0.005,train_acc:99.99, val_total:13821, val_correct:13420, val_acc:97.10
2023-03-13 10:28:27,289 - INFO - epoch[12/15], train_loss:0.005,train_acc:99.99, val_total:13821, val_correct:13420, val_acc:97.10
2023-03-13 10:28:27,289 - INFO - epoch[12/15], train_loss:0.005,train_acc:99.99, val_total:13821, val_correct:13420, val_acc:97.10
2023-03-13 10:28:27,289 - INFO - epoch[12/15], train_loss:0.005,train_acc:99.99, val_total:13821, val_correct:13420, val_acc:97.10
2023-03-13 10:28:27,289 - INFO - epoch[12/15], train_loss:0.005,train_acc:99.99, val_total:13821, val_correct:13420, val_acc:97.10
2023-03-13 10:28:27,289 - INFO - epoch[12/15], train_loss:0.005,train_acc:99.99, val_total:13821, val_correct:13420, val_acc:97.10
2023-03-13 10:28:27,289 - INFO - epoch[12/15], train_loss:0.005,train_acc:99.99, val_total:13821, val_correct:13420, val_acc:97.10
2023-03-13 10:28:27,289 - INFO - epoch[12/15], train_loss:0.005,train_acc:99.99, val_total:13821, val_correct:13420, val_acc:97.10
2023-03-13 10:28:27,289 - INFO - epoch[12/15], train_loss:0.005,train_acc:99.99, val_total:13821, val_correct:13420, val_acc:97.10
2023-03-13 10:28:27,289 - INFO - epoch[12/15], train_loss:0.005,train_acc:99.99, val_total:13821, val_correct:13420, val_acc:97.10
2023-03-13 10:28:27,289 - INFO - epoch[12/15], train_loss:0.005,train_acc:99.99, val_total:13821, val_correct:13420, val_acc:97.10
2023-03-13 10:28:29,565 - INFO - epoch[13/15], train_loss:0.004,train_acc:99.99
2023-03-13 10:28:29,565 - INFO - epoch[13/15], train_loss:0.004,train_acc:99.99
2023-03-13 10:28:29,565 - INFO - epoch[13/15], train_loss:0.004,train_acc:99.99
2023-03-13 10:28:29,565 - INFO - epoch[13/15], train_loss:0.004,train_acc:99.99
2023-03-13 10:28:29,565 - INFO - epoch[13/15], train_loss:0.004,train_acc:99.99
2023-03-13 10:28:29,565 - INFO - epoch[13/15], train_loss:0.004,train_acc:99.99
2023-03-13 10:28:29,565 - INFO - epoch[13/15], train_loss:0.004,train_acc:99.99
2023-03-13 10:28:29,565 - INFO - epoch[13/15], train_loss:0.004,train_acc:99.99
2023-03-13 10:28:29,565 - INFO - epoch[13/15], train_loss:0.004,train_acc:99.99
2023-03-13 10:28:29,565 - INFO - epoch[13/15], train_loss:0.004,train_acc:99.99
2023-03-13 10:28:29,565 - INFO - epoch[13/15], train_loss:0.004,train_acc:99.99
2023-03-13 10:28:29,565 - INFO - epoch[13/15], train_loss:0.004,train_acc:99.99
2023-03-13 10:28:29,565 - INFO - epoch[13/15], train_loss:0.004,train_acc:99.99
2023-03-13 10:28:29,565 - INFO - epoch[13/15], train_loss:0.004,train_acc:99.99
2023-03-13 10:28:31,812 - INFO - epoch[14/15], train_loss:0.004,train_acc:100.00
2023-03-13 10:28:31,812 - INFO - epoch[14/15], train_loss:0.004,train_acc:100.00
2023-03-13 10:28:31,812 - INFO - epoch[14/15], train_loss:0.004,train_acc:100.00
2023-03-13 10:28:31,812 - INFO - epoch[14/15], train_loss:0.004,train_acc:100.00
2023-03-13 10:28:31,812 - INFO - epoch[14/15], train_loss:0.004,train_acc:100.00
2023-03-13 10:28:31,812 - INFO - epoch[14/15], train_loss:0.004,train_acc:100.00
2023-03-13 10:28:31,812 - INFO - epoch[14/15], train_loss:0.004,train_acc:100.00
2023-03-13 10:28:31,812 - INFO - epoch[14/15], train_loss:0.004,train_acc:100.00
2023-03-13 10:28:31,812 - INFO - epoch[14/15], train_loss:0.004,train_acc:100.00
2023-03-13 10:28:31,812 - INFO - epoch[14/15], train_loss:0.004,train_acc:100.00
2023-03-13 10:28:31,812 - INFO - epoch[14/15], train_loss:0.004,train_acc:100.00
2023-03-13 10:28:31,812 - INFO - epoch[14/15], train_loss:0.004,train_acc:100.00
2023-03-13 10:28:31,812 - INFO - epoch[14/15], train_loss:0.004,train_acc:100.00
2023-03-13 10:28:31,812 - INFO - epoch[14/15], train_loss:0.004,train_acc:100.00
2023-03-13 10:28:31,812 - INFO - epoch[14/15], train_loss:0.004,train_acc:100.00
2023-03-13 10:28:34,374 - INFO - epoch[15/15], train_loss:0.004,train_acc:100.00, val_total:13821, val_correct:13435, val_acc:97.21
2023-03-13 10:28:34,374 - INFO - epoch[15/15], train_loss:0.004,train_acc:100.00, val_total:13821, val_correct:13435, val_acc:97.21
2023-03-13 10:28:34,374 - INFO - epoch[15/15], train_loss:0.004,train_acc:100.00, val_total:13821, val_correct:13435, val_acc:97.21
2023-03-13 10:28:34,374 - INFO - epoch[15/15], train_loss:0.004,train_acc:100.00, val_total:13821, val_correct:13435, val_acc:97.21
2023-03-13 10:28:34,374 - INFO - epoch[15/15], train_loss:0.004,train_acc:100.00, val_total:13821, val_correct:13435, val_acc:97.21
2023-03-13 10:28:34,374 - INFO - epoch[15/15], train_loss:0.004,train_acc:100.00, val_total:13821, val_correct:13435, val_acc:97.21
2023-03-13 10:28:34,374 - INFO - epoch[15/15], train_loss:0.004,train_acc:100.00, val_total:13821, val_correct:13435, val_acc:97.21
2023-03-13 10:28:34,374 - INFO - epoch[15/15], train_loss:0.004,train_acc:100.00, val_total:13821, val_correct:13435, val_acc:97.21
2023-03-13 10:28:34,374 - INFO - epoch[15/15], train_loss:0.004,train_acc:100.00, val_total:13821, val_correct:13435, val_acc:97.21
2023-03-13 10:28:34,374 - INFO - epoch[15/15], train_loss:0.004,train_acc:100.00, val_total:13821, val_correct:13435, val_acc:97.21
2023-03-13 10:28:34,374 - INFO - epoch[15/15], train_loss:0.004,train_acc:100.00, val_total:13821, val_correct:13435, val_acc:97.21
2023-03-13 10:28:34,374 - INFO - epoch[15/15], train_loss:0.004,train_acc:100.00, val_total:13821, val_correct:13435, val_acc:97.21
2023-03-13 10:28:34,374 - INFO - epoch[15/15], train_loss:0.004,train_acc:100.00, val_total:13821, val_correct:13435, val_acc:97.21
2023-03-13 10:28:34,374 - INFO - epoch[15/15], train_loss:0.004,train_acc:100.00, val_total:13821, val_correct:13435, val_acc:97.21
2023-03-13 10:28:34,374 - INFO - epoch[15/15], train_loss:0.004,train_acc:100.00, val_total:13821, val_correct:13435, val_acc:97.21
2023-03-13 10:28:34,374 - INFO - epoch[15/15], train_loss:0.004,train_acc:100.00, val_total:13821, val_correct:13435, val_acc:97.21
